2018-08-18 02:53:19,180 INFO  [main] (Log4j.java:14) - Test will run on: CH
2018-08-18 03:05:03,346 INFO  [main] (Log4j.java:14) - Test will run on: CH
2018-08-18 03:12:33,288 INFO  [main] (Log4j.java:14) - Test will run on: CH
2018-08-18 03:13:42,632 INFO  [main] (Log4j.java:14) - Clicked on: [[ChromeDriver: chrome on XP (8531fdbffff20d07c0ba293eb308c035)] -> xpath: //a[contains(text(),'Sign In')]]
2018-08-18 03:13:45,643 INFO  [main] (Log4j.java:14) - Clicked on: [[ChromeDriver: chrome on XP (8531fdbffff20d07c0ba293eb308c035)] -> xpath: //input[contains(@value,'Sign In')]]
2018-08-18 03:13:50,060 INFO  [main] (Log4j.java:14) - Clicked on: [[ChromeDriver: chrome on XP (8531fdbffff20d07c0ba293eb308c035)] -> xpath: //a[contains(@href,'cid20')]]
2018-08-18 03:13:50,244 INFO  [main] (Log4j.java:14) - Clicked on: [[ChromeDriver: chrome on XP (8531fdbffff20d07c0ba293eb308c035)] -> xpath: //*[@id='ProductForm_11']/descendant::input[@value='Add To Cart']]
2018-08-18 03:13:55,724 INFO  [main] (Log4j.java:14) - Clicked on: [[ChromeDriver: chrome on XP (8531fdbffff20d07c0ba293eb308c035)] -> xpath: //a[contains(@href,'cid27')]]
2018-08-18 03:13:55,891 INFO  [main] (Log4j.java:14) - Clicked on: [[ChromeDriver: chrome on XP (8531fdbffff20d07c0ba293eb308c035)] -> xpath: //*[@id='ProductForm_90']/descendant::input[@value='Add To Cart']]
2018-08-18 03:13:58,363 INFO  [main] (Log4j.java:14) - Clicked on: [[ChromeDriver: chrome on XP (8531fdbffff20d07c0ba293eb308c035)] -> xpath: //a[@href='cart.php']]
2018-08-18 03:14:01,357 INFO  [main] (Log4j.java:14) - Clicked on: [[ChromeDriver: chrome on XP (8531fdbffff20d07c0ba293eb308c035)] -> xpath: //a[text()='Continue Shopping']/following-sibling::a[1]]
2018-08-18 03:14:01,610 INFO  [main] (Log4j.java:14) - Clicked on: [[ChromeDriver: chrome on XP (8531fdbffff20d07c0ba293eb308c035)] -> xpath: //*[@value='Continue Checkout'][contains(@onclick,'1')]]
2018-08-18 03:14:04,678 INFO  [main] (Log4j.java:14) - Clicked on: [[ChromeDriver: chrome on XP (8531fdbffff20d07c0ba293eb308c035)] -> xpath: //label[text()=' Ground Shipping']/child::input[@type='radio']]
2018-08-18 03:14:04,778 INFO  [main] (Log4j.java:14) - Clicked on: [[ChromeDriver: chrome on XP (8531fdbffff20d07c0ba293eb308c035)] -> xpath: //div[@class='checkout_buttons']/input[contains(@onclick,'submitStep(2)')]]
2018-08-18 03:14:09,464 INFO  [main] (Log4j.java:14) - Clicked on: [[ChromeDriver: chrome on XP (8531fdbffff20d07c0ba293eb308c035)] -> xpath: //*[@value='Place Order']]
2018-08-18 09:46:45,965 INFO  [main] (Log4j.java:14) - Test will run on: CH
2018-08-18 09:48:33,415 ERROR [main] (Log4j.java:27) - onException triggered at Page Title: Avactis Demo Store
2018-08-18 09:48:34,103 ERROR [main] (Log4j.java:27) - onException triggered at Page Title: Avactis Demo Store
2018-08-18 09:48:34,742 ERROR [main] (Log4j.java:27) - onException triggered at Page Title: Avactis Demo Store
2018-08-18 09:48:35,294 ERROR [main] (Log4j.java:27) - onException triggered at Page Title: Avactis Demo Store
2018-08-18 09:48:35,806 ERROR [main] (Log4j.java:27) - onException triggered at Page Title: Avactis Demo Store
2018-08-18 09:48:36,224 ERROR [main] (Log4j.java:27) - onException triggered at Page Title: Avactis Demo Store
2018-08-18 09:55:30,825 INFO  [main] (Log4j.java:14) - Test will run on: CH
2018-08-18 09:56:13,133 ERROR [main] (Log4j.java:27) - onException triggered at Page Title: Avactis Demo Store
2018-08-18 09:56:14,161 ERROR [main] (Log4j.java:27) - onException triggered at Page Title: Avactis Demo Store
2018-08-18 09:56:14,705 ERROR [main] (Log4j.java:27) - onException triggered at Page Title: Avactis Demo Store
2018-08-18 09:56:15,266 ERROR [main] (Log4j.java:27) - onException triggered at Page Title: Avactis Demo Store
2018-08-18 09:56:15,815 ERROR [main] (Log4j.java:27) - onException triggered at Page Title: Avactis Demo Store
2018-08-18 09:56:16,235 ERROR [main] (Log4j.java:27) - onException triggered at Page Title: Avactis Demo Store
2018-08-18 10:04:17,446 INFO  [main] (Log4j.java:14) - Test will run on: CH
2018-08-18 10:05:38,381 ERROR [main] (Log4j.java:27) - onException triggered at Page Title: Avactis Demo Store
2018-08-18 10:05:39,024 ERROR [main] (Log4j.java:27) - onException triggered at Page Title: Avactis Demo Store
2018-08-18 10:05:39,567 ERROR [main] (Log4j.java:27) - onException triggered at Page Title: Avactis Demo Store
2018-08-18 10:05:40,097 ERROR [main] (Log4j.java:27) - onException triggered at Page Title: Avactis Demo Store
2018-08-18 10:05:40,606 ERROR [main] (Log4j.java:27) - onException triggered at Page Title: Avactis Demo Store
2018-08-18 10:05:41,135 ERROR [main] (Log4j.java:27) - onException triggered at Page Title: Avactis Demo Store
2018-08-18 10:05:41,545 ERROR [main] (Log4j.java:27) - onException triggered at Page Title: Avactis Demo Store
2018-08-18 10:08:24,365 INFO  [main] (Log4j.java:14) - Test will run on: CH
2018-08-18 10:09:38,435 ERROR [main] (Log4j.java:27) - onException triggered at Page Title: Avactis Demo Store
2018-08-18 10:09:39,058 ERROR [main] (Log4j.java:27) - onException triggered at Page Title: Avactis Demo Store
2018-08-18 10:09:39,621 ERROR [main] (Log4j.java:27) - onException triggered at Page Title: Avactis Demo Store
2018-08-18 10:09:40,188 ERROR [main] (Log4j.java:27) - onException triggered at Page Title: Avactis Demo Store
2018-08-18 10:09:40,712 ERROR [main] (Log4j.java:27) - onException triggered at Page Title: Avactis Demo Store
2018-08-18 10:09:41,232 ERROR [main] (Log4j.java:27) - onException triggered at Page Title: Avactis Demo Store
2018-08-18 10:09:41,636 ERROR [main] (Log4j.java:27) - onException triggered at Page Title: Avactis Demo Store
2018-08-18 10:11:37,581 INFO  [main] (Log4j.java:14) - Test will run on: CH
2018-08-18 10:12:14,507 ERROR [main] (Log4j.java:27) - onException triggered at Page Title: Avactis Demo Store
2018-08-18 10:12:15,065 ERROR [main] (Log4j.java:27) - onException triggered at Page Title: Avactis Demo Store
2018-08-18 10:12:15,708 ERROR [main] (Log4j.java:27) - onException triggered at Page Title: Avactis Demo Store
2018-08-18 10:12:16,240 ERROR [main] (Log4j.java:27) - onException triggered at Page Title: Avactis Demo Store
2018-08-18 10:12:16,790 ERROR [main] (Log4j.java:27) - onException triggered at Page Title: Avactis Demo Store
2018-08-18 10:12:17,322 ERROR [main] (Log4j.java:27) - onException triggered at Page Title: Avactis Demo Store
2018-08-18 10:12:17,734 ERROR [main] (Log4j.java:27) - onException triggered at Page Title: Avactis Demo Store
2018-08-18 10:13:14,711 INFO  [main] (Log4j.java:14) - Test will run on: CH
2018-08-18 10:13:53,017 ERROR [main] (Log4j.java:27) - onException triggered at Page Title: Avactis Demo Store
2018-08-18 10:13:53,624 ERROR [main] (Log4j.java:27) - onException triggered at Page Title: Avactis Demo Store
2018-08-18 10:13:54,193 ERROR [main] (Log4j.java:27) - onException triggered at Page Title: Avactis Demo Store
2018-08-18 10:13:54,763 ERROR [main] (Log4j.java:27) - onException triggered at Page Title: Avactis Demo Store
2018-08-18 10:13:55,399 ERROR [main] (Log4j.java:27) - onException triggered at Page Title: Avactis Demo Store
2018-08-18 10:13:55,931 ERROR [main] (Log4j.java:27) - onException triggered at Page Title: Avactis Demo Store
2018-08-18 10:13:56,344 ERROR [main] (Log4j.java:27) - onException triggered at Page Title: Avactis Demo Store
2018-08-18 10:16:26,630 INFO  [main] (Log4j.java:14) - Test will run on: CH
2018-08-18 10:17:04,004 ERROR [main] (Log4j.java:27) - onException triggered at Page Title: Avactis Demo Store
2018-08-18 10:17:04,758 ERROR [main] (Log4j.java:27) - onException triggered at Page Title: Avactis Demo Store
2018-08-18 10:17:05,414 ERROR [main] (Log4j.java:27) - onException triggered at Page Title: Avactis Demo Store
2018-08-18 10:17:05,982 ERROR [main] (Log4j.java:27) - onException triggered at Page Title: Avactis Demo Store
2018-08-18 10:17:06,516 ERROR [main] (Log4j.java:27) - onException triggered at Page Title: Avactis Demo Store
2018-08-18 10:17:07,000 ERROR [main] (Log4j.java:27) - onException triggered at Page Title: Avactis Demo Store
2018-08-18 10:28:22,270 INFO  [main] (Log4j.java:14) - Test will run on: CH
2018-08-18 10:29:34,090 ERROR [main] (Log4j.java:27) - onException triggered at Page Title: Avactis Demo Store
2018-08-18 10:29:38,916 ERROR [main] (Log4j.java:27) - onException triggered at Page Title: Avactis Demo Store
2018-08-18 10:33:54,808 INFO  [main] (Log4j.java:14) - Test will run on: CH
2018-08-18 10:34:29,275 ERROR [main] (Log4j.java:27) - onException triggered at Page Title: Avactis Demo Store
2018-08-18 10:34:29,927 ERROR [main] (Log4j.java:27) - onException triggered at Page Title: Avactis Demo Store
2018-08-18 10:34:30,537 ERROR [main] (Log4j.java:27) - onException triggered at Page Title: Avactis Demo Store
2018-08-18 10:34:31,088 ERROR [main] (Log4j.java:27) - onException triggered at Page Title: Avactis Demo Store
2018-08-18 10:34:31,621 ERROR [main] (Log4j.java:27) - onException triggered at Page Title: Avactis Demo Store
2018-08-18 10:34:32,142 ERROR [main] (Log4j.java:27) - onException triggered at Page Title: Avactis Demo Store
2018-08-18 10:34:32,550 ERROR [main] (Log4j.java:27) - onException triggered at Page Title: Avactis Demo Store
2018-08-18 10:35:35,766 INFO  [main] (Log4j.java:14) - Test will run on: CH
2018-08-18 10:42:46,614 INFO  [main] (Log4j.java:14) - Test will run on: CH
2018-08-18 10:43:32,525 INFO  [main] (Log4j.java:14) - About to click on signIn
2018-08-18 10:44:14,952 INFO  [main] (Log4j.java:14) - Test will run on: CH
2018-08-18 10:45:41,416 INFO  [main] (Log4j.java:14) - About to click on signIn
2018-08-18 10:48:30,004 INFO  [main] (Log4j.java:14) - Test will run on: CH
2018-08-18 10:59:00,309 INFO  [main] (Log4j.java:14) - Test will run on: CH
2018-08-18 11:02:43,607 INFO  [main] (Log4j.java:14) - Test will run on: CH
2018-08-18 11:12:33,538 INFO  [main] (Log4j.java:14) - Test will run on: CH
2018-08-18 11:15:46,768 INFO  [main] (Log4j.java:14) - Test will run on: CH
2018-08-18 11:17:15,629 INFO  [main] (Log4j.java:14) - About to click on signIn
2018-08-18 11:17:17,591 INFO  [main] (Log4j.java:14) - Clicked on signIn
2018-08-18 11:22:30,805 INFO  [main] (Log4j.java:14) - Test will run on: CH
2018-08-18 11:23:55,741 INFO  [main] (Log4j.java:14) - About to click on signIn
2018-08-18 11:23:57,645 INFO  [main] (Log4j.java:14) - Clicked on signIn
2018-08-18 11:24:05,177 INFO  [main] (Log4j.java:14) - Page Title: Notebooks - Avactis Demo Store
2018-08-18 11:24:05,341 INFO  [main] (Log4j.java:14) - 11 product got added to cart
2018-08-18 11:24:05,352 INFO  [main] (Log4j.java:14) - Add To Cart Is Successful
2018-08-18 11:24:05,362 WARN  [main] (Log4j.java:20) - Looking out for Flag = N
2018-08-18 11:26:52,027 INFO  [main] (Log4j.java:14) - Page Title: Kids DVDs - Avactis Demo Store
2018-08-18 11:26:52,279 INFO  [main] (Log4j.java:14) - 90 product got added to cart
2018-08-18 11:26:52,290 INFO  [main] (Log4j.java:14) - Add To Cart Is Successful
2018-08-18 11:27:06,038 INFO  [main] (Log4j.java:14) - Order is placed successfully: 00024
2018-08-18 11:32:27,432 INFO  [main] (Log4j.java:14) - Test will run on: CH
2018-08-18 11:33:14,179 INFO  [main] (Log4j.java:14) - About to click on signIn
2018-08-18 11:33:24,910 INFO  [main] (Log4j.java:14) - Page Title: Notebooks - Avactis Demo Store
2018-08-18 11:33:25,168 INFO  [main] (Log4j.java:14) - 11 product got added to cart
2018-08-18 11:33:25,184 INFO  [main] (Log4j.java:14) - Add To Cart Is Successful
2018-08-18 11:33:25,200 WARN  [main] (Log4j.java:20) - Looking out for Flag = N
2018-08-18 11:33:30,809 INFO  [main] (Log4j.java:14) - Page Title: Kids DVDs - Avactis Demo Store
2018-08-18 11:33:31,073 INFO  [main] (Log4j.java:14) - 90 product got added to cart
2018-08-18 11:33:31,097 INFO  [main] (Log4j.java:14) - Add To Cart Is Successful
2018-08-18 11:33:47,278 INFO  [main] (Log4j.java:14) - Order is placed successfully: 00025
2018-08-18 11:35:12,110 INFO  [main] (Log4j.java:14) - Test will run on: CH
2018-08-18 11:35:57,095 INFO  [main] (Log4j.java:14) - About to click on signIn
2018-08-18 11:36:38,363 INFO  [main] (Log4j.java:14) - Page Title: Notebooks - Avactis Demo Store
2018-08-18 11:36:38,652 INFO  [main] (Log4j.java:14) - 11 product got added to cart
2018-08-18 11:36:38,664 INFO  [main] (Log4j.java:14) - Add To Cart Is Successful
2018-08-18 11:36:38,680 WARN  [main] (Log4j.java:20) - Looking out for Flag = N
2018-08-18 11:36:44,582 INFO  [main] (Log4j.java:14) - Page Title: Kids DVDs - Avactis Demo Store
2018-08-18 11:36:44,805 INFO  [main] (Log4j.java:14) - 90 product got added to cart
2018-08-18 11:36:44,825 INFO  [main] (Log4j.java:14) - Add To Cart Is Successful
2018-08-18 11:37:01,375 INFO  [main] (Log4j.java:14) - Order is placed successfully: 00026
2018-08-18 11:52:56,395 INFO  [main] (Log4j.java:14) - Test will run on: CH
2018-08-18 11:56:11,796 INFO  [main] (Log4j.java:14) - Test will run on: CH
2018-08-18 12:02:28,783 INFO  [main] (Log4j.java:14) - Test will run on: CH
2018-08-18 12:10:20,555 INFO  [main] (Log4j.java:14) - Test will run on: CH
2018-08-18 12:34:46,562 INFO  [main] (Log4j.java:14) - Test will run on: CH
2018-08-18 12:35:28,626 WARN  [main] (Log4j.java:20) - No user is presently logged in
2018-08-18 12:35:28,674 INFO  [main] (Log4j.java:14) - About to click on signIn
2018-08-18 12:35:37,852 INFO  [main] (Log4j.java:14) - Page Title: Notebooks - Avactis Demo Store
2018-08-18 12:35:38,038 INFO  [main] (Log4j.java:14) - 11 product got added to cart
2018-08-18 12:35:38,053 INFO  [main] (Log4j.java:14) - Add To Cart Is Successful
2018-08-18 12:35:38,067 WARN  [main] (Log4j.java:20) - Looking out for Flag = N
2018-08-18 12:35:43,845 INFO  [main] (Log4j.java:14) - Page Title: Kids DVDs - Avactis Demo Store
2018-08-18 12:35:44,014 INFO  [main] (Log4j.java:14) - 90 product got added to cart
2018-08-18 12:35:44,024 INFO  [main] (Log4j.java:14) - Add To Cart Is Successful
2018-08-18 12:45:40,182 INFO  [main] (Log4j.java:14) - Test will run on: CH
2018-08-18 12:57:28,685 INFO  [main] (Log4j.java:14) - Test will run on: CH
2018-08-18 12:58:42,255 WARN  [main] (Log4j.java:20) - No user is presently logged in
2018-08-18 12:58:42,334 INFO  [main] (Log4j.java:14) - About to click on signIn
2018-08-18 12:58:51,757 INFO  [main] (Log4j.java:14) - Page Title: Notebooks - Avactis Demo Store
2018-08-18 12:58:52,003 INFO  [main] (Log4j.java:14) - 11 product got added to cart
2018-08-18 12:58:52,014 INFO  [main] (Log4j.java:14) - Add To Cart Is Successful
2018-08-18 12:58:52,023 WARN  [main] (Log4j.java:20) - Looking out for Flag = N
2018-08-18 12:58:58,069 INFO  [main] (Log4j.java:14) - Page Title: Kids DVDs - Avactis Demo Store
2018-08-18 12:58:58,255 INFO  [main] (Log4j.java:14) - 90 product got added to cart
2018-08-18 12:58:58,269 INFO  [main] (Log4j.java:14) - Add To Cart Is Successful
2018-08-18 12:59:14,503 INFO  [main] (Log4j.java:14) - Order is placed successfully: 00028
2018-08-18 13:05:59,948 INFO  [main] (Log4j.java:14) - Test will run on: CH
2018-08-18 13:06:13,653 WARN  [main] (Log4j.java:20) - No user is presently logged in
2018-08-18 13:06:13,712 INFO  [main] (Log4j.java:14) - About to click on signIn
2018-08-18 13:07:12,763 INFO  [main] (Log4j.java:14) - Test will run on: CH
2018-08-18 13:07:27,057 WARN  [main] (Log4j.java:20) - No user is presently logged in
2018-08-18 13:07:27,105 INFO  [main] (Log4j.java:14) - About to click on signIn
2018-08-18 13:08:30,868 INFO  [main] (Log4j.java:14) - Test will run on: CH
2018-08-18 13:08:45,982 WARN  [main] (Log4j.java:20) - No user is presently logged in
2018-08-18 13:08:46,030 INFO  [main] (Log4j.java:14) - About to click on signIn
2018-08-18 13:08:54,284 INFO  [main] (Log4j.java:14) - Page Title: Notebooks - Avactis Demo Store
2018-08-18 13:08:54,465 INFO  [main] (Log4j.java:14) - 11 product got added to cart
2018-08-18 13:08:54,478 INFO  [main] (Log4j.java:14) - Add To Cart Is Successful
2018-08-18 13:08:54,489 WARN  [main] (Log4j.java:20) - Looking out for Flag = N
2018-08-18 13:08:59,494 INFO  [main] (Log4j.java:14) - Page Title: Kids DVDs - Avactis Demo Store
2018-08-18 13:08:59,658 INFO  [main] (Log4j.java:14) - 90 product got added to cart
2018-08-18 13:08:59,674 INFO  [main] (Log4j.java:14) - Add To Cart Is Successful
2018-08-18 13:09:13,864 INFO  [main] (Log4j.java:14) - Order is placed successfully: 00029
2018-08-18 13:21:34,077 INFO  [main] (Log4j.java:14) - Test will run on: CH
2018-08-18 13:21:49,949 WARN  [main] (Log4j.java:20) - No user is presently logged in
2018-08-18 13:21:50,013 INFO  [main] (Log4j.java:14) - About to click on signIn
2018-08-18 13:24:27,957 INFO  [main] (Log4j.java:14) - Test will run on: CH
2018-08-18 13:24:44,960 WARN  [main] (Log4j.java:20) - No user is presently logged in
2018-08-18 13:24:45,008 INFO  [main] (Log4j.java:14) - About to click on signIn
2018-08-18 13:25:04,525 INFO  [main] (Log4j.java:14) - Page Title: Notebooks - Avactis Demo Store
2018-08-18 13:25:04,686 INFO  [main] (Log4j.java:14) - 11 product got added to cart
2018-08-18 13:25:04,696 INFO  [main] (Log4j.java:14) - Add To Cart Is Successful
2018-08-18 13:25:04,704 WARN  [main] (Log4j.java:20) - Looking out for Flag = N
2018-08-18 13:25:11,182 INFO  [main] (Log4j.java:14) - Page Title: Kids DVDs - Avactis Demo Store
2018-08-18 13:25:11,376 INFO  [main] (Log4j.java:14) - 90 product got added to cart
2018-08-18 13:25:11,403 INFO  [main] (Log4j.java:14) - Add To Cart Is Successful
2018-08-18 13:25:27,301 INFO  [main] (Log4j.java:14) - Order is placed successfully: 00030
2018-08-18 13:39:44,012 INFO  [main] (Log4j.java:14) - Test will run on: CH
2018-08-18 13:40:22,043 WARN  [main] (Log4j.java:20) - No user is presently logged in
2018-08-18 13:40:22,122 INFO  [main] (Log4j.java:14) - About to click on signIn
2018-08-18 13:40:44,668 INFO  [main] (Log4j.java:14) - Page Title: Notebooks - Avactis Demo Store
2018-08-18 13:40:44,847 INFO  [main] (Log4j.java:14) - 11 product got added to cart
2018-08-18 13:40:44,857 INFO  [main] (Log4j.java:14) - Add To Cart Is Successful
2018-08-18 13:40:44,866 WARN  [main] (Log4j.java:20) - Looking out for Flag = N
2018-08-18 13:40:49,246 INFO  [main] (Log4j.java:14) - Page Title: Kids DVDs - Avactis Demo Store
2018-08-18 13:40:50,066 INFO  [main] (Log4j.java:14) - 90 product got added to cart
2018-08-18 13:40:50,089 INFO  [main] (Log4j.java:14) - Add To Cart Is Successful
2018-08-18 13:41:04,656 INFO  [main] (Log4j.java:14) - Order is placed successfully: 00031
2018-08-18 13:52:00,994 INFO  [main] (Log4j.java:14) - Test will run on: CH
2018-08-18 13:52:21,024 WARN  [main] (Log4j.java:20) - No user is presently logged in
2018-08-18 13:52:21,103 INFO  [main] (Log4j.java:14) - About to click on signIn
2018-08-18 13:52:40,722 INFO  [main] (Log4j.java:14) - Page Title: Notebooks - Avactis Demo Store
2018-08-18 13:52:48,527 INFO  [main] (Log4j.java:14) - Page Title: Kids DVDs - Avactis Demo Store
2018-08-18 13:52:48,787 INFO  [main] (Log4j.java:14) - 90 product got added to cart
2018-08-18 13:52:48,797 INFO  [main] (Log4j.java:14) - Add To Cart Is Successful
2018-08-18 13:54:01,876 INFO  [main] (Log4j.java:14) - Test will run on: CH
2018-08-18 13:54:26,905 WARN  [main] (Log4j.java:20) - No user is presently logged in
2018-08-18 13:54:26,968 INFO  [main] (Log4j.java:14) - About to click on signIn
2018-08-18 13:54:48,036 INFO  [main] (Log4j.java:14) - Page Title: Notebooks - Avactis Demo Store
2018-08-18 13:54:54,148 INFO  [main] (Log4j.java:14) - Page Title: Kids DVDs - Avactis Demo Store
2018-08-18 13:54:54,327 INFO  [main] (Log4j.java:14) - 90 product got added to cart
2018-08-18 13:54:54,337 INFO  [main] (Log4j.java:14) - Add To Cart Is Successful
2018-08-18 13:56:50,488 INFO  [main] (Log4j.java:14) - Test will run on: CH
2018-08-18 14:10:51,108 INFO  [main] (Log4j.java:14) - Test will run on: CH
2018-08-18 14:14:53,665 INFO  [main] (Log4j.java:14) - Test will run on: CH
2018-08-18 14:22:22,766 INFO  [main] (Log4j.java:14) - Test will run on: CH
2018-08-18 14:33:02,120 INFO  [main] (Log4j.java:14) - Test will run on: CH
2018-08-18 14:33:07,858 INFO  [main] (Log4j.java:14) - 
2018-08-18 14:33:23,541 INFO  [main] (Log4j.java:14) - Avactis Installation
2018-08-18 16:39:18,935 INFO  [main] (Log4j.java:14) - Test will run on: CH
2018-08-18 16:39:35,410 INFO  [main] (Log4j.java:14) - 
2018-08-18 16:40:02,979 INFO  [main] (Log4j.java:14) - Avactis Demo Store
2018-08-18 16:40:05,618 WARN  [main] (Log4j.java:20) - No user is presently logged in
2018-08-18 16:40:05,722 INFO  [main] (Log4j.java:14) - About to click on signIn
2018-08-18 16:40:23,265 INFO  [main] (Log4j.java:14) - Avactis Demo Store
2018-08-18 16:40:26,282 INFO  [main] (Log4j.java:14) - Page Title: Notebooks - Avactis Demo Store
2018-08-18 16:40:26,447 INFO  [main] (Log4j.java:14) - 11 product got added to cart
2018-08-18 16:40:26,475 INFO  [main] (Log4j.java:14) - Add To Cart Is Successful
2018-08-18 16:40:26,486 WARN  [main] (Log4j.java:20) - Looking out for Flag = N
2018-08-18 16:40:26,554 INFO  [main] (Log4j.java:14) - Notebooks - Avactis Demo Store
2018-08-18 16:40:29,809 INFO  [main] (Log4j.java:14) - Avactis Demo Store
2018-08-18 16:40:31,942 INFO  [main] (Log4j.java:14) - Page Title: Kids DVDs - Avactis Demo Store
2018-08-18 16:40:32,392 INFO  [main] (Log4j.java:14) - 90 product got added to cart
2018-08-18 16:40:32,400 INFO  [main] (Log4j.java:14) - Add To Cart Is Successful
2018-08-18 16:40:54,779 INFO  [main] (Log4j.java:14) - Order is placed successfully: 00002
2018-08-18 16:42:01,455 INFO  [main] (Log4j.java:14) - Test will run on: CH
2018-08-18 16:42:07,187 INFO  [main] (Log4j.java:14) - Key: STORE_URL : Value: http://localhost/avactis/
2018-08-18 16:42:07,220 INFO  [main] (Log4j.java:14) - 
2018-08-18 16:42:12,639 INFO  [main] (Log4j.java:14) - Avactis Demo Store
2018-08-18 16:42:14,951 WARN  [main] (Log4j.java:20) - No user is presently logged in
2018-08-18 16:42:15,030 INFO  [main] (Log4j.java:14) - About to click on signIn
2018-08-18 16:42:31,896 INFO  [main] (Log4j.java:14) - Avactis Demo Store
2018-08-18 16:42:34,205 INFO  [main] (Log4j.java:14) - Page Title: Notebooks - Avactis Demo Store
2018-08-18 16:42:34,588 INFO  [main] (Log4j.java:14) - 11 product got added to cart
2018-08-18 16:42:34,608 INFO  [main] (Log4j.java:14) - Add To Cart Is Successful
2018-08-18 16:42:34,617 WARN  [main] (Log4j.java:20) - Looking out for Flag = N
2018-08-18 16:42:34,672 INFO  [main] (Log4j.java:14) - Notebooks - Avactis Demo Store
2018-08-18 16:42:36,997 INFO  [main] (Log4j.java:14) - Avactis Demo Store
2018-08-18 16:42:40,065 INFO  [main] (Log4j.java:14) - Page Title: Kids DVDs - Avactis Demo Store
2018-08-18 16:42:40,221 INFO  [main] (Log4j.java:14) - 90 product got added to cart
2018-08-18 16:42:40,244 INFO  [main] (Log4j.java:14) - Add To Cart Is Successful
2018-08-18 16:42:56,292 INFO  [main] (Log4j.java:14) - Order is placed successfully: 00003
2018-08-18 16:47:26,881 INFO  [main] (Log4j.java:14) - Test will run on: CH
2018-08-18 16:47:31,458 INFO  [main] (Log4j.java:14) - Key: STORE_URL : Value: http://localhost/avactis/
2018-08-18 16:47:31,530 INFO  [main] (Log4j.java:14) - 
2018-08-18 16:47:36,200 INFO  [main] (Log4j.java:14) - Avactis Demo Store
2018-08-18 16:47:36,603 WARN  [main] (Log4j.java:20) - No user is presently logged in
2018-08-18 16:47:36,900 INFO  [main] (Log4j.java:14) - About to click on signIn
2018-08-18 16:48:17,286 INFO  [main] (Log4j.java:14) - Test will run on: CH
2018-08-18 16:48:21,625 INFO  [main] (Log4j.java:14) - Key: STORE_URL : Value: http://localhost/avactis/
2018-08-18 16:48:21,684 INFO  [main] (Log4j.java:14) - 
2018-08-18 16:48:26,281 INFO  [main] (Log4j.java:14) - Avactis Demo Store
2018-08-18 16:48:26,619 WARN  [main] (Log4j.java:20) - No user is presently logged in
2018-08-18 16:48:26,945 INFO  [main] (Log4j.java:14) - About to click on signIn
2018-08-18 16:55:30,875 INFO  [main] (Log4j.java:14) - Test will run on: CH
2018-08-18 16:55:35,342 INFO  [main] (Log4j.java:14) - Key: STORE_URL : Value: http://localhost/avactis/
2018-08-18 16:55:35,693 INFO  [main] (Log4j.java:14) - 
2018-08-18 16:56:02,920 INFO  [main] (Log4j.java:14) - Avactis Demo Store
2018-08-18 16:56:03,763 WARN  [main] (Log4j.java:20) - No user is presently logged in
2018-08-18 16:56:03,841 INFO  [main] (Log4j.java:14) - About to click on signIn
2018-08-18 16:59:10,162 INFO  [main] (Log4j.java:14) - Test will run on: CH
2018-08-18 16:59:16,264 INFO  [main] (Log4j.java:14) - Key: STORE_URL : Value: http://localhost/avactis/
2018-08-18 16:59:16,284 INFO  [main] (Log4j.java:14) - 
2018-08-18 16:59:21,520 INFO  [main] (Log4j.java:14) - Avactis Demo Store
2018-08-18 16:59:23,935 WARN  [main] (Log4j.java:20) - No user is presently logged in
2018-08-18 16:59:24,014 INFO  [main] (Log4j.java:14) - About to click on signIn
2018-08-18 16:59:42,285 INFO  [main] (Log4j.java:14) - Avactis Demo Store
2018-08-18 16:59:45,624 INFO  [main] (Log4j.java:14) - Page Title: Notebooks - Avactis Demo Store
2018-08-18 16:59:45,819 INFO  [main] (Log4j.java:14) - 11 product got added to cart
2018-08-18 16:59:45,835 INFO  [main] (Log4j.java:14) - Add To Cart Is Successful
2018-08-18 16:59:45,845 WARN  [main] (Log4j.java:20) - Looking out for Flag = N
2018-08-18 16:59:45,874 INFO  [main] (Log4j.java:14) - Notebooks - Avactis Demo Store
2018-08-18 16:59:49,176 INFO  [main] (Log4j.java:14) - Avactis Demo Store
2018-08-18 16:59:51,528 INFO  [main] (Log4j.java:14) - Page Title: Kids DVDs - Avactis Demo Store
2018-08-18 16:59:52,097 INFO  [main] (Log4j.java:14) - 90 product got added to cart
2018-08-18 16:59:52,112 INFO  [main] (Log4j.java:14) - Add To Cart Is Successful
2018-08-18 17:00:13,360 INFO  [main] (Log4j.java:14) - Order is placed successfully: 00004
2018-08-18 17:01:23,109 INFO  [main] (Log4j.java:14) - Test will run on default broswer: Firefox
2018-08-18 17:01:30,505 INFO  [main] (Log4j.java:14) - Key: STORE_URL : Value: http://localhost/avactis/
2018-08-18 17:02:09,922 INFO  [main] (Log4j.java:14) - Test will run on default broswer: Firefox
2018-08-18 17:02:18,054 INFO  [main] (Log4j.java:14) - Key: STORE_URL : Value: http://localhost/avactis/
2018-08-18 17:02:18,838 INFO  [main] (Log4j.java:14) - 
2018-08-18 17:02:41,240 INFO  [main] (Log4j.java:14) - Avactis Demo Store
2018-08-18 17:02:43,621 WARN  [main] (Log4j.java:20) - No user is presently logged in
2018-08-18 17:02:43,778 INFO  [main] (Log4j.java:14) - About to click on signIn
2018-08-18 17:03:01,403 INFO  [main] (Log4j.java:14) - Avactis Demo Store
2018-08-18 17:03:01,887 INFO  [main] (Log4j.java:14) - Avactis Demo Store
2018-08-18 17:03:58,163 INFO  [main] (Log4j.java:14) - Test will run on: CH
2018-08-18 17:04:03,768 INFO  [main] (Log4j.java:14) - Key: STORE_URL : Value: http://localhost/avactis/
2018-08-18 17:04:03,800 INFO  [main] (Log4j.java:14) - 
2018-08-18 17:04:23,586 INFO  [main] (Log4j.java:14) - Avactis Demo Store
2018-08-18 17:04:25,875 WARN  [main] (Log4j.java:20) - No user is presently logged in
2018-08-18 17:04:25,973 INFO  [main] (Log4j.java:14) - About to click on signIn
2018-08-18 17:05:04,434 INFO  [main] (Log4j.java:14) - Test will run on default broswer: Firefox
2018-08-18 17:05:16,946 INFO  [main] (Log4j.java:14) - Key: STORE_URL : Value: http://localhost/avactis/
2018-08-18 17:05:16,964 INFO  [main] (Log4j.java:14) - 
2018-08-18 17:05:28,043 INFO  [main] (Log4j.java:14) - Avactis Demo Store
2018-08-18 17:05:28,325 WARN  [main] (Log4j.java:20) - No user is presently logged in
2018-08-18 17:05:28,420 INFO  [main] (Log4j.java:14) - About to click on signIn
2018-08-18 19:30:37,087 INFO  [main] (Log4j.java:14) - Test will run on default broswer: Firefox
2018-08-18 19:31:10,676 INFO  [main] (Log4j.java:14) - Key: STORE_URL : Value: http://localhost/avactis/
2018-08-18 19:31:45,662 INFO  [main] (Log4j.java:14) - Test will run on: CH
2018-08-18 19:31:52,999 INFO  [main] (Log4j.java:14) - Key: STORE_URL : Value: http://localhost/avactis/
2018-08-18 19:31:53,034 INFO  [main] (Log4j.java:14) - 
2018-08-18 19:32:55,951 INFO  [main] (Log4j.java:14) - Avactis Demo Store
2018-08-18 19:32:58,310 WARN  [main] (Log4j.java:20) - No user is presently logged in
2018-08-18 19:32:58,405 INFO  [main] (Log4j.java:14) - About to click on signIn
2018-08-18 19:33:17,295 INFO  [main] (Log4j.java:14) - Avactis Demo Store
2018-08-18 19:33:25,398 INFO  [main] (Log4j.java:14) - Page Title: Notebooks - Avactis Demo Store
2018-08-18 19:33:25,571 INFO  [main] (Log4j.java:14) - 11 product got added to cart
2018-08-18 19:33:25,586 INFO  [main] (Log4j.java:14) - Add To Cart Is Successful
2018-08-18 19:33:25,595 WARN  [main] (Log4j.java:20) - Looking out for Flag = N
2018-08-18 19:33:26,026 INFO  [main] (Log4j.java:14) - Notebooks - Avactis Demo Store
2018-08-18 19:33:30,828 INFO  [main] (Log4j.java:14) - Avactis Demo Store
2018-08-18 19:33:40,097 INFO  [main] (Log4j.java:14) - Page Title: Kids DVDs - Avactis Demo Store
2018-08-18 19:33:40,299 INFO  [main] (Log4j.java:14) - 90 product got added to cart
2018-08-18 19:33:40,316 INFO  [main] (Log4j.java:14) - Add To Cart Is Successful
2018-08-18 19:34:17,126 INFO  [main] (Log4j.java:14) - Order is placed successfully: 00005
2018-08-19 01:01:17,183 INFO  [main] (Log4j.java:14) - Test will run on: CH
2018-08-19 01:01:24,066 INFO  [main] (Log4j.java:14) - Key: STORE_URL : Value: http://localhost/avactis/
2018-08-19 01:01:24,091 INFO  [main] (Log4j.java:14) - 
2018-08-19 01:02:03,071 INFO  [main] (Log4j.java:14) - Avactis Demo Store
2018-08-19 01:02:05,393 WARN  [main] (Log4j.java:20) - No user is presently logged in
2018-08-19 01:02:05,458 INFO  [main] (Log4j.java:14) - About to click on signIn
2018-08-19 01:02:25,690 INFO  [main] (Log4j.java:14) - Avactis Demo Store
2018-08-19 01:02:28,349 INFO  [main] (Log4j.java:14) - Avactis Demo Store
2018-08-19 01:05:02,901 INFO  [main] (Log4j.java:14) - Test will run on: CH
2018-08-19 01:06:06,262 INFO  [main] (Log4j.java:14) - Key: STORE_URL : Value: http://localhost/avactis/
2018-08-19 01:08:03,824 INFO  [main] (Log4j.java:14) - Test will run on: CH
2018-08-19 01:08:08,017 INFO  [main] (Log4j.java:14) - Key: STORE_URL : Value: http://localhost/avactis/
2018-08-19 01:08:08,432 INFO  [main] (Log4j.java:14) - 
2018-08-19 01:08:14,102 INFO  [main] (Log4j.java:14) - Avactis Demo Store
2018-08-19 01:08:14,896 WARN  [main] (Log4j.java:20) - No user is presently logged in
2018-08-19 01:08:14,954 INFO  [main] (Log4j.java:14) - About to click on signIn
2018-08-19 01:08:22,423 INFO  [main] (Log4j.java:14) - Avactis Demo Store
2018-08-19 01:08:22,607 INFO  [main] (Log4j.java:14) - Avactis Demo Store
2018-08-19 01:10:22,716 INFO  [main] (Log4j.java:14) - Test will run on: CH
2018-08-19 01:10:27,271 INFO  [main] (Log4j.java:14) - Key: STORE_URL : Value: http://localhost/avactis/
2018-08-19 01:10:27,336 INFO  [main] (Log4j.java:14) - 
2018-08-19 01:10:50,084 INFO  [main] (Log4j.java:14) - Avactis Demo Store
2018-08-19 01:10:52,434 WARN  [main] (Log4j.java:20) - No user is presently logged in
2018-08-19 01:10:52,500 INFO  [main] (Log4j.java:14) - About to click on signIn
2018-08-19 01:11:09,887 INFO  [main] (Log4j.java:14) - Avactis Demo Store
2018-08-19 01:11:13,117 INFO  [main] (Log4j.java:14) - Page Title: Notebooks - Avactis Demo Store
2018-08-19 01:11:13,285 INFO  [main] (Log4j.java:14) - 11 product got added to cart
2018-08-19 01:11:13,314 INFO  [main] (Log4j.java:14) - Add To Cart Is Successful
2018-08-19 01:11:13,328 WARN  [main] (Log4j.java:20) - Looking out for Flag = N
2018-08-19 01:11:13,374 INFO  [main] (Log4j.java:14) - Notebooks - Avactis Demo Store
2018-08-19 01:11:17,130 INFO  [main] (Log4j.java:14) - Avactis Demo Store
2018-08-19 01:11:19,926 INFO  [main] (Log4j.java:14) - Page Title: Kids DVDs - Avactis Demo Store
2018-08-19 01:11:20,074 INFO  [main] (Log4j.java:14) - 90 product got added to cart
2018-08-19 01:11:20,097 INFO  [main] (Log4j.java:14) - Add To Cart Is Successful
2018-08-19 01:11:40,942 INFO  [main] (Log4j.java:14) - Order is placed successfully: 00006
2018-08-19 01:15:48,649 INFO  [main] (Log4j.java:14) - Test will run on: CH
2018-08-19 01:16:36,649 INFO  [main] (Log4j.java:14) - Key: STORE_URL : Value: http://localhost/avactis/
2018-08-19 01:16:36,867 INFO  [main] (Log4j.java:14) - 
2018-08-19 01:18:50,879 INFO  [main] (Log4j.java:14) - Inside afterNavigateTo - Avactis Demo Store
2018-08-19 01:18:50,903 INFO  [main] (Log4j.java:14) - Avactis Demo Store
2018-08-19 01:19:06,352 WARN  [main] (Log4j.java:20) - No user is presently logged in
2018-08-19 01:19:07,960 INFO  [main] (Log4j.java:14) - About to click on signIn
2018-08-19 01:19:27,990 INFO  [main] (Log4j.java:14) - Avactis Demo Store
2018-08-19 01:19:33,398 INFO  [main] (Log4j.java:14) - Page Title: Notebooks - Avactis Demo Store
2018-08-19 01:19:33,826 INFO  [main] (Log4j.java:14) - 11 product got added to cart
2018-08-19 01:19:33,837 INFO  [main] (Log4j.java:14) - Add To Cart Is Successful
2018-08-19 01:19:33,849 WARN  [main] (Log4j.java:20) - Looking out for Flag = N
2018-08-19 01:19:33,879 INFO  [main] (Log4j.java:14) - Notebooks - Avactis Demo Store
2018-08-19 01:19:39,996 INFO  [main] (Log4j.java:14) - Inside afterNavigateTo - Avactis Demo Store
2018-08-19 01:19:40,011 INFO  [main] (Log4j.java:14) - Avactis Demo Store
2018-08-19 01:19:42,810 INFO  [main] (Log4j.java:14) - Page Title: Kids DVDs - Avactis Demo Store
2018-08-19 01:19:42,946 INFO  [main] (Log4j.java:14) - 90 product got added to cart
2018-08-19 01:19:42,965 INFO  [main] (Log4j.java:14) - Add To Cart Is Successful
2018-08-19 01:20:03,834 INFO  [main] (Log4j.java:14) - Order is placed successfully: 00007
2018-08-19 01:22:46,444 INFO  [main] (Log4j.java:14) - Test will run on: CH
2018-08-19 01:22:50,870 INFO  [main] (Log4j.java:14) - Key: STORE_URL : Value: http://localhost/avactis/
2018-08-19 01:22:50,924 INFO  [main] (Log4j.java:14) - 
2018-08-19 01:22:52,173 INFO  [main] (Log4j.java:14) - Inside beforeNavigateTo - 
2018-08-19 01:23:14,327 INFO  [main] (Log4j.java:14) - Inside afterNavigateTo - Avactis Demo Store
2018-08-19 01:23:14,341 INFO  [main] (Log4j.java:14) - Avactis Demo Store
2018-08-19 01:23:16,578 WARN  [main] (Log4j.java:20) - No user is presently logged in
2018-08-19 01:23:16,653 INFO  [main] (Log4j.java:14) - About to click on signIn
2018-08-19 01:23:33,724 INFO  [main] (Log4j.java:14) - Avactis Demo Store
2018-08-19 01:23:36,738 INFO  [main] (Log4j.java:14) - Page Title: Notebooks - Avactis Demo Store
2018-08-19 01:23:36,937 INFO  [main] (Log4j.java:14) - 11 product got added to cart
2018-08-19 01:23:36,958 INFO  [main] (Log4j.java:14) - Add To Cart Is Successful
2018-08-19 01:23:36,970 WARN  [main] (Log4j.java:20) - Looking out for Flag = N
2018-08-19 01:23:37,022 INFO  [main] (Log4j.java:14) - Notebooks - Avactis Demo Store
2018-08-19 01:23:37,045 INFO  [main] (Log4j.java:14) - Inside beforeNavigateTo - Notebooks - Avactis Demo Store
2018-08-19 01:23:40,331 INFO  [main] (Log4j.java:14) - Inside afterNavigateTo - Avactis Demo Store
2018-08-19 01:23:40,345 INFO  [main] (Log4j.java:14) - Avactis Demo Store
2018-08-19 01:23:43,093 INFO  [main] (Log4j.java:14) - Page Title: Kids DVDs - Avactis Demo Store
2018-08-19 01:23:43,231 INFO  [main] (Log4j.java:14) - 90 product got added to cart
2018-08-19 01:23:43,241 INFO  [main] (Log4j.java:14) - Add To Cart Is Successful
2018-08-19 01:24:00,853 INFO  [main] (Log4j.java:14) - Order is placed successfully: 00008
2018-08-19 01:43:55,676 INFO  [main] (Log4j.java:14) - Suite execution got started
2018-08-19 01:43:55,896 INFO  [main] (Log4j.java:14) - Method execution got started1
2018-08-19 01:43:55,974 INFO  [main] (Log4j.java:14) - Test will run on: CH
2018-08-19 01:45:17,829 INFO  [main] (Log4j.java:14) - Key: STORE_URL : Value: http://localhost/avactis/
2018-08-19 01:45:17,931 INFO  [main] (Log4j.java:14) - 
2018-08-19 01:45:19,286 INFO  [main] (Log4j.java:14) - Inside beforeNavigateTo - 
2018-08-19 01:45:57,440 INFO  [main] (Log4j.java:14) - Inside afterNavigateTo - Avactis Demo Store
2018-08-19 01:45:57,477 INFO  [main] (Log4j.java:14) - Avactis Demo Store
2018-08-19 01:45:57,505 INFO  [main] (Log4j.java:14) - Method execution got over1
2018-08-19 01:45:58,457 INFO  [main] (Log4j.java:14) - Method execution got started16
2018-08-19 01:46:00,748 WARN  [main] (Log4j.java:20) - No user is presently logged in
2018-08-19 01:46:00,890 INFO  [main] (Log4j.java:14) - About to click on signIn
2018-08-19 01:46:19,475 INFO  [main] (Log4j.java:14) - Method execution got over1
2018-08-19 01:46:19,554 INFO  [main] (Log4j.java:14) - Method execution got started1
2018-08-19 01:46:20,823 INFO  [main] (Log4j.java:14) - Method execution got over1
2018-08-19 01:46:21,386 INFO  [main] (Log4j.java:14) - Method execution got started1
2018-08-19 01:46:21,402 INFO  [main] (Log4j.java:14) - Test will run on: CH
2018-08-19 01:46:41,503 INFO  [main] (Log4j.java:14) - Key: STORE_URL : Value: http://localhost/avactis/
2018-08-19 01:46:41,536 INFO  [main] (Log4j.java:14) - Method execution got over2
2018-08-19 01:46:43,182 INFO  [main] (Log4j.java:14) - Method execution got started-1
2018-08-19 01:46:43,182 INFO  [main] (Log4j.java:14) - Method execution got over-1
2018-08-19 01:46:43,386 INFO  [main] (Log4j.java:14) - Method execution got started-1
2018-08-19 01:46:43,401 INFO  [main] (Log4j.java:14) - Method execution got over-1
2018-08-19 01:46:45,464 INFO  [main] (Log4j.java:14) - Suite execution got over
2018-08-19 01:53:19,609 INFO  [main] (Log4j.java:14) - Suite execution got started
2018-08-19 01:53:19,767 INFO  [main] (Log4j.java:14) - Method execution got started. Status = 1
2018-08-19 01:53:19,830 INFO  [main] (Log4j.java:14) - Test will run on: CH
2018-08-19 01:54:42,365 INFO  [main] (Log4j.java:14) - Key: STORE_URL : Value: http://localhost/avactis/
2018-08-19 01:54:43,092 INFO  [main] (Log4j.java:14) - 
2018-08-19 01:54:52,732 INFO  [main] (Log4j.java:14) - Inside beforeNavigateTo - 
2018-08-19 01:55:35,250 INFO  [main] (Log4j.java:14) - Inside afterNavigateTo - Avactis Demo Store
2018-08-19 01:55:35,293 INFO  [main] (Log4j.java:14) - Avactis Demo Store
2018-08-19 01:55:35,843 INFO  [main] (Log4j.java:14) - Method execution got over. Status = 1
2018-08-19 01:55:36,378 INFO  [main] (Log4j.java:14) - Method execution got started. Status = 16
2018-08-19 01:55:38,613 WARN  [main] (Log4j.java:20) - No user is presently logged in
2018-08-19 01:55:38,739 INFO  [main] (Log4j.java:14) - About to click on signIn
2018-08-19 01:56:01,071 INFO  [main] (Log4j.java:14) - Method execution got over. Status = 1
2018-08-19 01:56:01,197 INFO  [main] (Log4j.java:14) - Method execution got started. Status = 1
2018-08-19 01:56:02,683 INFO  [main] (Log4j.java:14) - Method execution got over. Status = 1
2018-08-19 01:56:03,043 INFO  [main] (Log4j.java:14) - Method execution got started. Status = 1
2018-08-19 01:56:03,074 INFO  [main] (Log4j.java:14) - Test will run on: CH
2018-08-19 01:56:03,904 INFO  [main] (Log4j.java:14) - Key: STORE_URL : Value: http://localhost/avactis/
2018-08-19 01:56:03,920 INFO  [main] (Log4j.java:14) - Method execution got over. Status = 2
2018-08-19 01:56:04,045 INFO  [main] (Log4j.java:14) - Method execution got started. Status = -1
2018-08-19 01:56:04,045 INFO  [main] (Log4j.java:14) - Method execution got over. Status = -1
2018-08-19 01:56:04,061 INFO  [main] (Log4j.java:14) - Method execution got started. Status = -1
2018-08-19 01:56:04,077 INFO  [main] (Log4j.java:14) - Method execution got over. Status = -1
2018-08-19 01:56:04,311 INFO  [main] (Log4j.java:14) - Suite execution got over
2018-08-19 01:57:09,684 INFO  [main] (Log4j.java:14) - Suite execution got started
2018-08-19 01:57:09,826 INFO  [main] (Log4j.java:14) - Test will run on: CH
2018-08-19 01:57:38,862 INFO  [main] (Log4j.java:14) - Key: STORE_URL : Value: http://localhost/avactis/
2018-08-19 01:57:38,894 INFO  [main] (Log4j.java:14) - 
2018-08-19 01:57:40,503 INFO  [main] (Log4j.java:14) - Inside beforeNavigateTo - 
2018-08-19 01:58:15,311 INFO  [main] (Log4j.java:14) - Inside afterNavigateTo - Avactis Demo Store
2018-08-19 01:58:15,332 INFO  [main] (Log4j.java:14) - Avactis Demo Store
2018-08-19 01:58:28,893 WARN  [main] (Log4j.java:20) - No user is presently logged in
2018-08-19 01:58:29,097 INFO  [main] (Log4j.java:14) - About to click on signIn
2018-08-19 01:58:48,951 INFO  [main] (Log4j.java:14) - Test will run on: CH
2018-08-19 01:58:51,655 INFO  [main] (Log4j.java:14) - Key: STORE_URL : Value: http://localhost/avactis/
2018-08-19 01:58:52,059 INFO  [main] (Log4j.java:14) - Suite execution got over
2018-08-19 01:59:45,692 INFO  [main] (Log4j.java:14) - Test will run on: CH
2018-08-19 01:59:50,771 INFO  [main] (Log4j.java:14) - Key: STORE_URL : Value: http://localhost/avactis/
2018-08-19 01:59:51,148 INFO  [main] (Log4j.java:14) - 
2018-08-19 01:59:52,372 INFO  [main] (Log4j.java:14) - Inside beforeNavigateTo - 
2018-08-19 02:00:17,849 INFO  [main] (Log4j.java:14) - Inside afterNavigateTo - Avactis Demo Store
2018-08-19 02:00:17,875 INFO  [main] (Log4j.java:14) - Avactis Demo Store
2018-08-19 02:00:20,474 WARN  [main] (Log4j.java:20) - No user is presently logged in
2018-08-19 02:00:20,553 INFO  [main] (Log4j.java:14) - About to click on signIn
2018-08-19 02:00:38,981 INFO  [main] (Log4j.java:14) - Test will run on: CH
2018-08-19 02:00:59,080 INFO  [main] (Log4j.java:14) - Key: STORE_URL : Value: http://localhost/avactis/
2018-08-19 02:02:54,197 INFO  [main] (Log4j.java:14) - Test will run on: CH
2018-08-19 02:03:32,160 INFO  [main] (Log4j.java:14) - Key: STORE_URL : Value: http://localhost/avactis/
2018-08-19 02:03:32,208 INFO  [main] (Log4j.java:14) - 
2018-08-19 02:03:33,670 INFO  [main] (Log4j.java:14) - Inside beforeNavigateTo - 
2018-08-19 02:04:06,665 INFO  [main] (Log4j.java:14) - Inside afterNavigateTo - Avactis Demo Store
2018-08-19 02:04:06,731 INFO  [main] (Log4j.java:14) - Avactis Demo Store
2018-08-19 02:04:09,967 WARN  [main] (Log4j.java:20) - No user is presently logged in
2018-08-19 02:04:10,079 INFO  [main] (Log4j.java:14) - About to click on signIn
2018-08-19 02:04:30,858 INFO  [main] (Log4j.java:14) - Test will run on: CH
2018-08-19 02:04:32,876 INFO  [main] (Log4j.java:14) - Key: STORE_URL : Value: http://localhost/avactis/
2018-08-19 02:07:19,294 INFO  [main] (Log4j.java:14) - Test will run on: CH
2018-08-19 02:07:24,260 INFO  [main] (Log4j.java:14) - Key: STORE_URL : Value: http://localhost/avactis/
2018-08-19 02:07:24,773 INFO  [main] (Log4j.java:14) - 
2018-08-19 02:07:26,051 INFO  [main] (Log4j.java:14) - Inside beforeNavigateTo - 
2018-08-19 02:07:54,423 INFO  [main] (Log4j.java:14) - Inside afterNavigateTo - Avactis Demo Store
2018-08-19 02:07:54,448 INFO  [main] (Log4j.java:14) - Avactis Demo Store
2018-08-19 02:07:57,015 WARN  [main] (Log4j.java:20) - No user is presently logged in
2018-08-19 02:07:57,094 INFO  [main] (Log4j.java:14) - About to click on signIn
2018-08-19 02:08:16,003 INFO  [main] (Log4j.java:14) - Test will run on: CH
2018-08-19 02:08:18,277 INFO  [main] (Log4j.java:14) - Key: STORE_URL : Value: http://localhost/avactis/
2018-08-19 02:08:18,495 INFO  [main] (Log4j.java:14) - 
2018-08-19 02:08:19,651 INFO  [main] (Log4j.java:14) - Inside beforeNavigateTo - 
2018-08-19 02:08:41,292 INFO  [main] (Log4j.java:14) - Inside afterNavigateTo - Avactis Demo Store
2018-08-19 02:08:41,305 INFO  [main] (Log4j.java:14) - Avactis Demo Store
2018-08-19 02:08:41,341 INFO  [main] (Log4j.java:14) - Avactis Demo Store
2018-08-19 02:08:44,918 INFO  [main] (Log4j.java:14) - Page Title: Notebooks - Avactis Demo Store
2018-08-19 02:08:45,150 INFO  [main] (Log4j.java:14) - 11 product got added to cart
2018-08-19 02:08:45,162 INFO  [main] (Log4j.java:14) - Add To Cart Is Successful
2018-08-19 02:08:45,170 WARN  [main] (Log4j.java:20) - Looking out for Flag = N
2018-08-19 02:08:46,345 INFO  [main] (Log4j.java:14) - Test will run on: CH
2018-08-19 02:09:06,380 INFO  [main] (Log4j.java:14) - Key: STORE_URL : Value: http://localhost/avactis/
2018-08-19 02:10:18,484 INFO  [main] (Log4j.java:14) - Test will run on: CH
2018-08-19 02:10:23,421 INFO  [main] (Log4j.java:14) - Key: STORE_URL : Value: http://localhost/avactis/
2018-08-19 02:10:23,677 INFO  [main] (Log4j.java:14) - 
2018-08-19 02:10:24,886 INFO  [main] (Log4j.java:14) - Inside beforeNavigateTo - 
2018-08-19 02:10:52,635 INFO  [main] (Log4j.java:14) - Inside afterNavigateTo - Avactis Demo Store
2018-08-19 02:10:52,653 INFO  [main] (Log4j.java:14) - Avactis Demo Store
2018-08-19 02:10:55,248 WARN  [main] (Log4j.java:20) - No user is presently logged in
2018-08-19 02:10:55,327 INFO  [main] (Log4j.java:14) - About to click on signIn
2018-08-19 02:11:13,815 INFO  [main] (Log4j.java:14) - Test will run on: CH
2018-08-19 02:11:33,897 INFO  [main] (Log4j.java:14) - Key: STORE_URL : Value: http://localhost/avactis/
2018-08-19 02:13:28,210 INFO  [main] (Log4j.java:14) - Test will run on: CH
2018-08-19 02:13:58,315 INFO  [main] (Log4j.java:14) - Key: STORE_URL : Value: http://localhost/avactis/
2018-08-19 02:13:58,342 INFO  [main] (Log4j.java:14) - 
2018-08-19 02:14:20,066 INFO  [main] (Log4j.java:14) - Avactis Demo Store
2018-08-19 02:14:22,798 WARN  [main] (Log4j.java:20) - No user is presently logged in
2018-08-19 02:14:22,939 INFO  [main] (Log4j.java:14) - About to click on signIn
2018-08-19 02:14:43,837 INFO  [main] (Log4j.java:14) - Avactis Demo Store
2018-08-19 02:14:47,800 INFO  [main] (Log4j.java:14) - Page Title: Notebooks - Avactis Demo Store
2018-08-19 02:14:48,029 INFO  [main] (Log4j.java:14) - 11 product got added to cart
2018-08-19 02:14:48,040 INFO  [main] (Log4j.java:14) - Add To Cart Is Successful
2018-08-19 02:14:48,056 WARN  [main] (Log4j.java:20) - Looking out for Flag = N
2018-08-19 02:14:48,119 INFO  [main] (Log4j.java:14) - Notebooks - Avactis Demo Store
2018-08-19 02:14:51,952 INFO  [main] (Log4j.java:14) - Avactis Demo Store
2018-08-19 02:14:54,847 INFO  [main] (Log4j.java:14) - Page Title: Kids DVDs - Avactis Demo Store
2018-08-19 02:14:55,007 INFO  [main] (Log4j.java:14) - 90 product got added to cart
2018-08-19 02:14:55,030 INFO  [main] (Log4j.java:14) - Add To Cart Is Successful
2018-08-19 02:15:18,611 INFO  [main] (Log4j.java:14) - Order is placed successfully: 00009
2018-08-19 11:01:18,507 INFO  [main] (Log4j.java:14) - Test will run on: CH
2018-08-19 11:01:25,643 INFO  [main] (Log4j.java:14) - Key: STORE_URL : Value: http://localhost/avactis/
2018-08-19 11:01:25,675 INFO  [main] (Log4j.java:14) - 
2018-08-19 11:01:57,214 INFO  [main] (Log4j.java:14) - Avactis Demo Store
2018-08-19 11:01:59,700 WARN  [main] (Log4j.java:20) - No user is presently logged in
2018-08-19 11:01:59,778 INFO  [main] (Log4j.java:14) - About to click on signIn
2018-08-19 11:02:17,852 INFO  [main] (Log4j.java:14) - Key: DATA_FILE_PATH : Value: F:\Studies\MavenWorkspace\AvactisShoppingSite\src\test\resources\data\
2018-08-19 11:02:17,867 INFO  [main] (Log4j.java:14) - Key: DATA_FILE_XML : Value: AvactisTestData.xml
2018-08-19 11:02:17,914 INFO  [main] (Log4j.java:14) - Avactis Demo Store
2018-08-19 11:02:20,871 INFO  [main] (Log4j.java:14) - Page Title: Notebooks - Avactis Demo Store
2018-08-19 11:02:21,069 INFO  [main] (Log4j.java:14) - 11 product got added to cart
2018-08-19 11:02:21,089 INFO  [main] (Log4j.java:14) - Add To Cart Is Successful
2018-08-19 11:02:21,115 WARN  [main] (Log4j.java:20) - Looking out for Flag = N
2018-08-19 11:02:21,132 INFO  [main] (Log4j.java:14) - Notebooks - Avactis Demo Store
2018-08-19 11:02:24,655 INFO  [main] (Log4j.java:14) - Avactis Demo Store
2018-08-19 11:02:27,698 INFO  [main] (Log4j.java:14) - Page Title: Kids DVDs - Avactis Demo Store
2018-08-19 11:02:27,862 INFO  [main] (Log4j.java:14) - 90 product got added to cart
2018-08-19 11:02:27,879 INFO  [main] (Log4j.java:14) - Add To Cart Is Successful
2018-08-19 11:02:48,369 INFO  [main] (Log4j.java:14) - Order is placed successfully: 00010
2018-08-19 11:05:45,452 INFO  [main] (Log4j.java:14) - Test will run on: CH
2018-08-19 11:05:50,590 INFO  [main] (Log4j.java:14) - Key: STORE_URL : Value: null
2018-08-19 11:05:50,629 INFO  [main] (Log4j.java:14) - 
2018-08-19 11:07:13,906 INFO  [main] (Log4j.java:14) - Test will run on: CH
2018-08-19 11:07:18,189 INFO  [main] (Log4j.java:14) - Key: STORE_URL : Value: http://localhost/avactis/
2018-08-19 11:07:18,523 INFO  [main] (Log4j.java:14) - 
2018-08-19 11:07:41,679 INFO  [main] (Log4j.java:14) - Avactis Demo Store
2018-08-19 11:07:44,002 WARN  [main] (Log4j.java:20) - No user is presently logged in
2018-08-19 11:07:44,080 INFO  [main] (Log4j.java:14) - About to click on signIn
2018-08-19 11:07:46,600 INFO  [main] (Log4j.java:14) - Key: STORE_USERNAME : Value: abhijitpaul_02@yahoo.com
2018-08-19 11:07:46,612 INFO  [main] (Log4j.java:14) - Key: STORE_PASSWORD : Value: qwerty123
2018-08-19 11:08:01,556 INFO  [main] (Log4j.java:14) - Key: DATA_FILE_PATH : Value: F:\Studies\MavenWorkspace\AvactisShoppingSite\src\test\resources\data\
2018-08-19 11:08:01,556 INFO  [main] (Log4j.java:14) - Key: DATA_FILE_XML : Value: AvactisTestData.xml
2018-08-19 11:08:01,665 INFO  [main] (Log4j.java:14) - Avactis Demo Store
2018-08-19 11:08:04,684 INFO  [main] (Log4j.java:14) - Page Title: Notebooks - Avactis Demo Store
2018-08-19 11:08:04,847 INFO  [main] (Log4j.java:14) - 11 product got added to cart
2018-08-19 11:08:04,858 INFO  [main] (Log4j.java:14) - Add To Cart Is Successful
2018-08-19 11:08:04,864 WARN  [main] (Log4j.java:20) - Looking out for Flag = N
2018-08-19 11:08:04,901 INFO  [main] (Log4j.java:14) - Notebooks - Avactis Demo Store
2018-08-19 11:08:08,418 INFO  [main] (Log4j.java:14) - Avactis Demo Store
2018-08-19 11:08:11,275 INFO  [main] (Log4j.java:14) - Page Title: Kids DVDs - Avactis Demo Store
2018-08-19 11:08:11,479 INFO  [main] (Log4j.java:14) - 90 product got added to cart
2018-08-19 11:08:11,507 INFO  [main] (Log4j.java:14) - Add To Cart Is Successful
2018-08-19 11:08:32,222 INFO  [main] (Log4j.java:14) - Order is placed successfully: 00011
2018-08-19 11:14:22,440 INFO  [main] (Log4j.java:14) - Test will run on: CH
2018-08-19 11:14:29,567 INFO  [main] (Log4j.java:14) - Key: STORE_URL : Value: http://localhost/avactis/
2018-08-19 11:14:29,593 INFO  [main] (Log4j.java:14) - 
2018-08-19 11:15:57,541 INFO  [main] (Log4j.java:14) - Avactis Demo Store
2018-08-19 11:15:59,943 WARN  [main] (Log4j.java:20) - No user is presently logged in
2018-08-19 11:16:00,022 INFO  [main] (Log4j.java:14) - About to click on signIn
2018-08-19 11:16:02,681 INFO  [main] (Log4j.java:14) - Key: STORE_USERNAME : Value: abhijitpaul_02@yahoo.com
2018-08-19 11:16:02,706 INFO  [main] (Log4j.java:14) - Key: STORE_PASSWORD : Value: qwerty123
2018-08-19 11:16:17,807 INFO  [main] (Log4j.java:14) - Key: DATA_FILE_PATH : Value: F:\Studies\MavenWorkspace\AvactisShoppingSite\src\test\resources\data\
2018-08-19 11:16:17,823 INFO  [main] (Log4j.java:14) - Key: DATA_FILE_XML : Value: AvactisTestData.xml
2018-08-19 11:16:17,855 INFO  [main] (Log4j.java:14) - Avactis Demo Store
2018-08-19 11:16:21,015 INFO  [main] (Log4j.java:14) - Page Title: Notebooks - Avactis Demo Store
2018-08-19 11:16:21,216 INFO  [main] (Log4j.java:14) - 11 product got added to cart
2018-08-19 11:16:21,228 INFO  [main] (Log4j.java:14) - Add To Cart Is Successful
2018-08-19 11:16:21,244 WARN  [main] (Log4j.java:20) - Looking out for Flag = N
2018-08-19 11:16:21,316 INFO  [main] (Log4j.java:14) - Notebooks - Avactis Demo Store
2018-08-19 11:16:24,970 INFO  [main] (Log4j.java:14) - Avactis Demo Store
2018-08-19 11:16:27,910 INFO  [main] (Log4j.java:14) - Page Title: Kids DVDs - Avactis Demo Store
2018-08-19 11:16:28,094 INFO  [main] (Log4j.java:14) - 90 product got added to cart
2018-08-19 11:16:28,112 INFO  [main] (Log4j.java:14) - Add To Cart Is Successful
2018-08-19 11:16:48,107 INFO  [main] (Log4j.java:14) - Order is placed successfully: 00012
2018-08-19 11:19:00,167 INFO  [main] (Log4j.java:14) - Test will run on: CH
2018-08-19 11:20:11,505 INFO  [main] (Log4j.java:14) - Key: STORE_URL : Value: http://localhost/avactis/
2018-08-19 11:20:11,727 INFO  [main] (Log4j.java:14) - 
2018-08-19 11:20:13,454 INFO  [main] (Log4j.java:14) - Inside beforeNavigateTo - 
2018-08-19 11:20:53,567 INFO  [main] (Log4j.java:14) - Inside afterNavigateTo - Avactis Demo Store
2018-08-19 11:20:53,603 INFO  [main] (Log4j.java:14) - Avactis Demo Store
2018-08-19 11:20:56,512 WARN  [main] (Log4j.java:20) - No user is presently logged in
2018-08-19 11:20:56,810 INFO  [main] (Log4j.java:14) - About to click on signIn
2018-08-19 11:20:59,396 INFO  [main] (Log4j.java:14) - Key: STORE_USERNAME : Value: abhijitpaul_02@yahoo.com
2018-08-19 11:20:59,406 INFO  [main] (Log4j.java:14) - Key: STORE_PASSWORD : Value: qwerty123
2018-08-19 11:21:15,491 INFO  [main] (Log4j.java:14) - Key: DATA_FILE_PATH : Value: F:\Studies\MavenWorkspace\AvactisShoppingSite\src\test\resources\data\
2018-08-19 11:21:15,491 INFO  [main] (Log4j.java:14) - Key: DATA_FILE_XML : Value: AvactisTestData.xml
2018-08-19 11:21:15,617 INFO  [main] (Log4j.java:14) - Avactis Demo Store
2018-08-19 11:21:18,881 INFO  [main] (Log4j.java:14) - Page Title: Notebooks - Avactis Demo Store
2018-08-19 11:21:19,062 INFO  [main] (Log4j.java:14) - 11 product got added to cart
2018-08-19 11:21:19,080 INFO  [main] (Log4j.java:14) - Add To Cart Is Successful
2018-08-19 11:21:19,104 WARN  [main] (Log4j.java:20) - Looking out for Flag = N
2018-08-19 11:21:19,128 INFO  [main] (Log4j.java:14) - Notebooks - Avactis Demo Store
2018-08-19 11:21:19,168 INFO  [main] (Log4j.java:14) - Inside beforeNavigateTo - Notebooks - Avactis Demo Store
2018-08-19 11:21:22,726 INFO  [main] (Log4j.java:14) - Inside afterNavigateTo - Avactis Demo Store
2018-08-19 11:21:22,735 INFO  [main] (Log4j.java:14) - Avactis Demo Store
2018-08-19 11:21:25,681 INFO  [main] (Log4j.java:14) - Page Title: Kids DVDs - Avactis Demo Store
2018-08-19 11:21:25,841 INFO  [main] (Log4j.java:14) - 90 product got added to cart
2018-08-19 11:21:25,848 INFO  [main] (Log4j.java:14) - Add To Cart Is Successful
2018-08-19 11:21:45,902 INFO  [main] (Log4j.java:14) - Order is placed successfully: 00013
2018-08-19 11:25:27,725 INFO  [main] (Log4j.java:14) - Test will run on: CH
2018-08-19 11:25:32,283 INFO  [main] (Log4j.java:14) - Key: STORE_URL : Value: http://localhost/avactis/
2018-08-19 11:25:32,352 INFO  [main] (Log4j.java:14) - 
2018-08-19 11:25:33,555 INFO  [main] (Log4j.java:14) - Inside beforeNavigateTo - 
2018-08-19 11:25:55,640 INFO  [main] (Log4j.java:14) - Inside afterNavigateTo - Avactis Demo Store
2018-08-19 11:25:55,660 INFO  [main] (Log4j.java:14) - Avactis Demo Store
2018-08-19 11:25:57,942 WARN  [main] (Log4j.java:20) - No user is presently logged in
2018-08-19 11:25:58,021 INFO  [main] (Log4j.java:14) - About to click on signIn
2018-08-19 11:26:00,475 INFO  [main] (Log4j.java:14) - Key: STORE_USERNAME : Value: abhijitpaul_02@yahoo.com
2018-08-19 11:26:00,485 INFO  [main] (Log4j.java:14) - Key: STORE_PASSWORD : Value: qwerty123
2018-08-19 11:26:15,478 INFO  [main] (Log4j.java:14) - Key: DATA_FILE_PATH : Value: F:\Studies\MavenWorkspace\AvactisShoppingSite\src\test\resources\data\
2018-08-19 11:26:15,525 INFO  [main] (Log4j.java:14) - Key: DATA_FILE_XML : Value: AvactisTestData.xml
2018-08-19 11:26:15,602 INFO  [main] (Log4j.java:14) - Avactis Demo Store
2018-08-19 11:26:18,932 INFO  [main] (Log4j.java:14) - Page Title: Notebooks - Avactis Demo Store
2018-08-19 11:26:19,245 INFO  [main] (Log4j.java:14) - 11 product got added to cart
2018-08-19 11:26:19,258 INFO  [main] (Log4j.java:14) - Add To Cart Is Successful
2018-08-19 11:26:19,276 WARN  [main] (Log4j.java:20) - Looking out for Flag = N
2018-08-19 11:26:19,384 INFO  [main] (Log4j.java:14) - Notebooks - Avactis Demo Store
2018-08-19 11:26:19,415 INFO  [main] (Log4j.java:14) - Inside beforeNavigateTo - Notebooks - Avactis Demo Store
2018-08-19 11:26:22,620 INFO  [main] (Log4j.java:14) - Inside afterNavigateTo - Avactis Demo Store
2018-08-19 11:26:22,634 INFO  [main] (Log4j.java:14) - Avactis Demo Store
2018-08-19 11:26:25,533 INFO  [main] (Log4j.java:14) - Page Title: Kids DVDs - Avactis Demo Store
2018-08-19 11:26:25,726 INFO  [main] (Log4j.java:14) - 90 product got added to cart
2018-08-19 11:26:25,738 INFO  [main] (Log4j.java:14) - Add To Cart Is Successful
2018-08-19 11:26:44,202 INFO  [main] (Log4j.java:14) - Order is placed successfully: 00014
2018-08-19 11:29:46,980 INFO  [main] (Log4j.java:14) - Test will run on: CH
2018-08-19 11:29:51,257 INFO  [main] (Log4j.java:14) - Key: STORE_URL : Value: http://localhost/avactis/
2018-08-19 11:29:51,338 INFO  [main] (Log4j.java:14) - 
2018-08-19 11:29:52,617 INFO  [main] (Log4j.java:14) - Inside beforeNavigateTo - 
2018-08-19 11:30:14,389 INFO  [main] (Log4j.java:14) - Inside afterNavigateTo - Avactis Demo Store
2018-08-19 11:30:14,408 INFO  [main] (Log4j.java:14) - Avactis Demo Store
2018-08-19 11:30:16,737 WARN  [main] (Log4j.java:20) - No user is presently logged in
2018-08-19 11:30:16,816 INFO  [main] (Log4j.java:14) - About to click on signIn
2018-08-19 11:30:19,281 INFO  [main] (Log4j.java:14) - Key: STORE_USERNAME : Value: abhijitpaul_02@yahoo.com
2018-08-19 11:30:19,292 INFO  [main] (Log4j.java:14) - Key: STORE_PASSWORD : Value: qwerty123
2018-08-19 11:30:34,407 INFO  [main] (Log4j.java:14) - Key: DATA_FILE_PATH : Value: F:\Studies\MavenWorkspace\AvactisShoppingSite\src\test\resources\data\
2018-08-19 11:30:34,429 INFO  [main] (Log4j.java:14) - Key: DATA_FILE_XML : Value: AvactisTestData.xml
2018-08-19 11:30:34,492 INFO  [main] (Log4j.java:14) - Avactis Demo Store
2018-08-19 11:30:37,905 INFO  [main] (Log4j.java:14) - Page Title: Notebooks - Avactis Demo Store
2018-08-19 11:30:38,103 INFO  [main] (Log4j.java:14) - 11 product got added to cart
2018-08-19 11:30:38,134 INFO  [main] (Log4j.java:14) - Add To Cart Is Successful
2018-08-19 11:30:38,154 WARN  [main] (Log4j.java:20) - Looking out for Flag = N
2018-08-19 11:30:38,191 INFO  [main] (Log4j.java:14) - Notebooks - Avactis Demo Store
2018-08-19 11:30:38,218 INFO  [main] (Log4j.java:14) - Inside beforeNavigateTo - Notebooks - Avactis Demo Store
2018-08-19 11:30:41,521 INFO  [main] (Log4j.java:14) - Inside afterNavigateTo - Avactis Demo Store
2018-08-19 11:30:41,533 INFO  [main] (Log4j.java:14) - Avactis Demo Store
2018-08-19 11:30:44,452 INFO  [main] (Log4j.java:14) - Page Title: Kids DVDs - Avactis Demo Store
2018-08-19 11:30:44,606 INFO  [main] (Log4j.java:14) - 90 product got added to cart
2018-08-19 11:30:44,614 INFO  [main] (Log4j.java:14) - Add To Cart Is Successful
2018-08-19 11:31:02,796 INFO  [main] (Log4j.java:14) - Order is placed successfully: 00015
2018-08-19 11:34:27,760 INFO  [main] (Log4j.java:14) - Test will run on: CH
2018-08-19 11:34:32,184 INFO  [main] (Log4j.java:14) - Key: STORE_URL : Value: http://localhost/avactis/
2018-08-19 11:34:32,480 INFO  [main] (Log4j.java:14) - 
2018-08-19 11:34:33,664 INFO  [main] (Log4j.java:14) - Inside beforeNavigateTo - 
2018-08-19 11:34:55,741 INFO  [main] (Log4j.java:14) - Inside afterNavigateTo - Avactis Demo Store
2018-08-19 11:34:55,767 INFO  [main] (Log4j.java:14) - Avactis Demo Store
2018-08-19 11:34:58,096 WARN  [main] (Log4j.java:20) - No user is presently logged in
2018-08-19 11:34:58,176 INFO  [main] (Log4j.java:14) - About to click on signIn
2018-08-19 11:35:00,688 INFO  [main] (Log4j.java:14) - Key: STORE_USERNAME : Value: abhijitpaul_02@yahoo.com
2018-08-19 11:35:00,698 INFO  [main] (Log4j.java:14) - Key: STORE_PASSWORD : Value: qwerty123
2018-08-19 11:35:16,415 INFO  [main] (Log4j.java:14) - Key: DATA_FILE_PATH : Value: F:\Studies\MavenWorkspace\AvactisShoppingSite\src\test\resources\data\
2018-08-19 11:35:16,430 INFO  [main] (Log4j.java:14) - Key: DATA_FILE_XML : Value: AvactisTestData.xml
2018-08-19 11:35:16,478 INFO  [main] (Log4j.java:14) - Avactis Demo Store
2018-08-19 11:35:19,742 INFO  [main] (Log4j.java:14) - Page Title: Notebooks - Avactis Demo Store
2018-08-19 11:35:19,890 INFO  [main] (Log4j.java:14) - 11 product got added to cart
2018-08-19 11:35:19,910 INFO  [main] (Log4j.java:14) - Add To Cart Is Successful
2018-08-19 11:35:19,935 WARN  [main] (Log4j.java:20) - Looking out for Flag = N
2018-08-19 11:35:19,969 INFO  [main] (Log4j.java:14) - Notebooks - Avactis Demo Store
2018-08-19 11:35:19,989 INFO  [main] (Log4j.java:14) - Inside beforeNavigateTo - Notebooks - Avactis Demo Store
2018-08-19 11:35:23,444 INFO  [main] (Log4j.java:14) - Inside afterNavigateTo - Avactis Demo Store
2018-08-19 11:35:23,480 INFO  [main] (Log4j.java:14) - Avactis Demo Store
2018-08-19 11:35:26,475 INFO  [main] (Log4j.java:14) - Page Title: Kids DVDs - Avactis Demo Store
2018-08-19 11:35:26,649 INFO  [main] (Log4j.java:14) - 90 product got added to cart
2018-08-19 11:35:26,655 INFO  [main] (Log4j.java:14) - Add To Cart Is Successful
2018-08-19 11:35:46,546 INFO  [main] (Log4j.java:14) - Order is placed successfully: 00016
2018-08-19 11:44:50,406 INFO  [main] (Log4j.java:14) - Test will run on: CH
2018-08-19 11:44:55,994 INFO  [main] (Log4j.java:14) - Key: STORE_URL : Value: http://localhost/avactis/
2018-08-19 11:44:56,011 INFO  [main] (Log4j.java:14) - 
2018-08-19 11:44:57,214 INFO  [main] (Log4j.java:14) - Inside beforeNavigateTo - 
2018-08-19 11:45:01,594 INFO  [main] (Log4j.java:14) - Inside afterNavigateTo - Avactis Demo Store
2018-08-19 11:45:01,609 INFO  [main] (Log4j.java:14) - Avactis Demo Store
2018-08-19 11:45:03,902 WARN  [main] (Log4j.java:20) - No user is presently logged in
2018-08-19 11:45:03,981 INFO  [main] (Log4j.java:14) - About to click on signIn
2018-08-19 11:45:06,710 INFO  [main] (Log4j.java:14) - Key: STORE_USERNAME : Value: abhijitpaul_02@yahoo.com
2018-08-19 11:45:06,723 INFO  [main] (Log4j.java:14) - Key: STORE_PASSWORD : Value: qwerty123
2018-08-19 11:45:22,123 INFO  [main] (Log4j.java:14) - Key: DATA_FILE_PATH : Value: F:\Studies\MavenWorkspace\AvactisShoppingSite\src\test\resources\data\
2018-08-19 11:45:22,123 INFO  [main] (Log4j.java:14) - Key: DATA_FILE_XML : Value: AvactisTestData.xml
2018-08-19 11:45:22,267 INFO  [main] (Log4j.java:14) - Avactis Demo Store
2018-08-19 11:45:24,699 INFO  [main] (Log4j.java:14) - Page Title: Notebooks - Avactis Demo Store
2018-08-19 11:45:26,183 INFO  [main] (Log4j.java:14) - 11 product got added to cart
2018-08-19 11:45:26,196 INFO  [main] (Log4j.java:14) - Add To Cart Is Successful
2018-08-19 11:45:26,213 WARN  [main] (Log4j.java:20) - Looking out for Flag = N
2018-08-19 11:45:26,238 INFO  [main] (Log4j.java:14) - Notebooks - Avactis Demo Store
2018-08-19 11:45:26,277 INFO  [main] (Log4j.java:14) - Inside beforeNavigateTo - Notebooks - Avactis Demo Store
2018-08-19 11:45:30,260 INFO  [main] (Log4j.java:14) - Inside afterNavigateTo - Avactis Demo Store
2018-08-19 11:45:30,276 INFO  [main] (Log4j.java:14) - Avactis Demo Store
2018-08-19 11:45:33,373 INFO  [main] (Log4j.java:14) - Page Title: Kids DVDs - Avactis Demo Store
2018-08-19 11:45:33,796 INFO  [main] (Log4j.java:14) - 90 product got added to cart
2018-08-19 11:45:33,802 INFO  [main] (Log4j.java:14) - Add To Cart Is Successful
2018-08-19 11:45:46,405 INFO  [main] (Log4j.java:14) - Shipping Method: Delivery on Next Business Day
2018-08-19 11:46:04,407 INFO  [main] (Log4j.java:14) - Order is placed successfully: 00017
2018-08-19 11:49:10,902 INFO  [main] (Log4j.java:14) - Test will run on: CH
2018-08-19 11:49:15,914 INFO  [main] (Log4j.java:14) - Key: STORE_URL : Value: http://localhost/avactis/
2018-08-19 11:49:16,266 INFO  [main] (Log4j.java:14) - 
2018-08-19 11:49:17,482 INFO  [main] (Log4j.java:14) - Inside beforeNavigateTo - 
2018-08-19 11:49:21,629 INFO  [main] (Log4j.java:14) - Inside afterNavigateTo - Avactis Demo Store
2018-08-19 11:49:22,158 INFO  [main] (Log4j.java:14) - Avactis Demo Store
2018-08-19 11:49:24,492 WARN  [main] (Log4j.java:20) - No user is presently logged in
2018-08-19 11:49:24,587 INFO  [main] (Log4j.java:14) - About to click on signIn
2018-08-19 11:49:27,065 INFO  [main] (Log4j.java:14) - Key: STORE_USERNAME : Value: abhijitpaul_02@yahoo.com
2018-08-19 11:49:27,075 INFO  [main] (Log4j.java:14) - Key: STORE_PASSWORD : Value: qwerty123
2018-08-19 11:49:42,394 INFO  [main] (Log4j.java:14) - Key: DATA_FILE_PATH : Value: F:\Studies\MavenWorkspace\AvactisShoppingSite\src\test\resources\data\
2018-08-19 11:49:42,394 INFO  [main] (Log4j.java:14) - Key: DATA_FILE_XML : Value: AvactisTestData.xml
2018-08-19 11:49:42,536 INFO  [main] (Log4j.java:14) - Avactis Demo Store
2018-08-19 11:49:45,415 INFO  [main] (Log4j.java:14) - Page Title: Notebooks - Avactis Demo Store
2018-08-19 11:49:45,572 INFO  [main] (Log4j.java:14) - 11 product got added to cart
2018-08-19 11:49:45,588 INFO  [main] (Log4j.java:14) - Add To Cart Is Successful
2018-08-19 11:49:45,620 WARN  [main] (Log4j.java:20) - Looking out for Flag = N
2018-08-19 11:49:45,671 INFO  [main] (Log4j.java:14) - Notebooks - Avactis Demo Store
2018-08-19 11:49:45,715 INFO  [main] (Log4j.java:14) - Inside beforeNavigateTo - Notebooks - Avactis Demo Store
2018-08-19 11:49:49,082 INFO  [main] (Log4j.java:14) - Inside afterNavigateTo - Avactis Demo Store
2018-08-19 11:49:49,098 INFO  [main] (Log4j.java:14) - Avactis Demo Store
2018-08-19 11:49:51,961 INFO  [main] (Log4j.java:14) - Page Title: Kids DVDs - Avactis Demo Store
2018-08-19 11:49:52,161 INFO  [main] (Log4j.java:14) - 90 product got added to cart
2018-08-19 11:49:52,172 INFO  [main] (Log4j.java:14) - Add To Cart Is Successful
2018-08-19 11:50:09,818 INFO  [main] (Log4j.java:14) - Shipping Method: Delivery on Next Business Day
2018-08-19 11:50:19,398 INFO  [main] (Log4j.java:14) - Order is placed successfully: 00018
2018-08-19 11:54:32,936 INFO  [main] (Log4j.java:14) - Test will run on: CH
2018-08-19 11:54:42,540 INFO  [main] (Log4j.java:14) - Key: STORE_URL : Value: http://localhost/avactis/
2018-08-19 11:54:43,628 INFO  [main] (Log4j.java:14) - 
2018-08-19 11:54:44,862 INFO  [main] (Log4j.java:14) - Inside beforeNavigateTo - 
2018-08-19 11:55:10,168 INFO  [main] (Log4j.java:14) - Inside afterNavigateTo - Avactis Demo Store
2018-08-19 11:55:10,200 INFO  [main] (Log4j.java:14) - Avactis Demo Store
2018-08-19 11:55:12,572 WARN  [main] (Log4j.java:20) - No user is presently logged in
2018-08-19 11:55:12,683 INFO  [main] (Log4j.java:14) - About to click on signIn
2018-08-19 11:55:15,842 INFO  [main] (Log4j.java:14) - Key: STORE_USERNAME : Value: abhijitpaul_02@yahoo.com
2018-08-19 11:55:15,875 INFO  [main] (Log4j.java:14) - Key: STORE_PASSWORD : Value: qwerty123
2018-08-19 11:55:33,000 INFO  [main] (Log4j.java:14) - Key: DATA_FILE_PATH : Value: F:\Studies\MavenWorkspace\AvactisShoppingSite\src\test\resources\data\
2018-08-19 11:55:33,000 INFO  [main] (Log4j.java:14) - Key: DATA_FILE_XML : Value: AvactisTestData.xml
2018-08-19 11:55:33,069 INFO  [main] (Log4j.java:14) - Avactis Demo Store
2018-08-19 11:55:37,158 INFO  [main] (Log4j.java:14) - Page Title: Notebooks - Avactis Demo Store
2018-08-19 11:55:37,393 INFO  [main] (Log4j.java:14) - 11 product got added to cart
2018-08-19 11:55:37,461 INFO  [main] (Log4j.java:14) - Add To Cart Is Successful
2018-08-19 11:55:37,473 WARN  [main] (Log4j.java:20) - Looking out for Flag = N
2018-08-19 11:55:37,512 INFO  [main] (Log4j.java:14) - Notebooks - Avactis Demo Store
2018-08-19 11:55:37,552 INFO  [main] (Log4j.java:14) - Inside beforeNavigateTo - Notebooks - Avactis Demo Store
2018-08-19 11:55:42,222 INFO  [main] (Log4j.java:14) - Inside afterNavigateTo - Avactis Demo Store
2018-08-19 11:55:42,243 INFO  [main] (Log4j.java:14) - Avactis Demo Store
2018-08-19 11:55:46,065 INFO  [main] (Log4j.java:14) - Page Title: Kids DVDs - Avactis Demo Store
2018-08-19 11:55:46,333 INFO  [main] (Log4j.java:14) - 90 product got added to cart
2018-08-19 11:55:46,345 INFO  [main] (Log4j.java:14) - Add To Cart Is Successful
2018-08-19 11:55:59,093 INFO  [main] (Log4j.java:14) - Shipping Method: Delivery on Next Business Day
2018-08-19 11:56:11,575 INFO  [main] (Log4j.java:14) - Order is placed successfully: 00019
2018-08-19 12:37:13,802 INFO  [main] (Log4j.java:14) - Test will run on: CH
2018-08-19 12:37:20,151 INFO  [main] (Log4j.java:14) - Key: STORE_URL : Value: http://localhost/avactis/
2018-08-19 12:37:20,183 INFO  [main] (Log4j.java:14) - 
2018-08-19 12:37:21,368 INFO  [main] (Log4j.java:14) - Inside beforeNavigateTo - 
2018-08-19 12:37:36,948 INFO  [main] (Log4j.java:14) - Inside afterNavigateTo - Avactis Demo Store
2018-08-19 12:37:36,965 INFO  [main] (Log4j.java:14) - Avactis Demo Store
2018-08-19 12:37:43,716 WARN  [main] (Log4j.java:20) - No user is presently logged in
2018-08-19 12:37:43,795 INFO  [main] (Log4j.java:14) - About to click on signIn
2018-08-19 12:37:48,613 INFO  [main] (Log4j.java:14) - Key: STORE_USERNAME : Value: abhijitpaul_02@yahoo.com
2018-08-19 12:37:48,622 INFO  [main] (Log4j.java:14) - Key: STORE_PASSWORD : Value: qwerty123
2018-08-19 12:41:21,718 INFO  [main] (Log4j.java:14) - Test will run on: CH
2018-08-19 12:41:27,324 INFO  [main] (Log4j.java:14) - Key: STORE_URL : Value: http://localhost/avactis/
2018-08-19 12:41:27,634 INFO  [main] (Log4j.java:14) - 
2018-08-19 12:41:28,843 INFO  [main] (Log4j.java:14) - Inside beforeNavigateTo - 
2018-08-19 12:41:36,399 INFO  [main] (Log4j.java:14) - Inside afterNavigateTo - Avactis Demo Store
2018-08-19 12:41:36,420 INFO  [main] (Log4j.java:14) - Avactis Demo Store
2018-08-19 12:41:38,687 WARN  [main] (Log4j.java:20) - No user is presently logged in
2018-08-19 12:41:38,755 INFO  [main] (Log4j.java:14) - About to click on signIn
2018-08-19 12:41:42,628 INFO  [main] (Log4j.java:14) - Key: STORE_USERNAME : Value: abhijitpaul_02@yahoo.com
2018-08-19 12:41:42,668 INFO  [main] (Log4j.java:14) - Key: STORE_PASSWORD : Value: qwerty123
2018-08-19 12:41:58,655 INFO  [main] (Log4j.java:14) - Key: DATA_FILE_PATH : Value: F:\Studies\MavenWorkspace\AvactisShoppingSite\src\test\resources\data\
2018-08-19 12:41:58,670 INFO  [main] (Log4j.java:14) - Key: DATA_FILE_XML : Value: AvactisTestData.xml
2018-08-19 12:41:58,709 INFO  [main] (Log4j.java:14) - Avactis Demo Store
2018-08-19 12:42:02,163 INFO  [main] (Log4j.java:14) - Page Title: Notebooks - Avactis Demo Store
2018-08-19 12:42:02,340 INFO  [main] (Log4j.java:14) - 11 product got added to cart
2018-08-19 12:42:02,357 INFO  [main] (Log4j.java:14) - Add To Cart Is Successful
2018-08-19 12:42:02,370 WARN  [main] (Log4j.java:20) - Looking out for Flag = N
2018-08-19 12:42:02,400 INFO  [main] (Log4j.java:14) - Notebooks - Avactis Demo Store
2018-08-19 12:42:02,453 INFO  [main] (Log4j.java:14) - Inside beforeNavigateTo - Notebooks - Avactis Demo Store
2018-08-19 12:42:05,969 INFO  [main] (Log4j.java:14) - Inside afterNavigateTo - Avactis Demo Store
2018-08-19 12:42:05,981 INFO  [main] (Log4j.java:14) - Avactis Demo Store
2018-08-19 12:42:08,911 INFO  [main] (Log4j.java:14) - Page Title: Kids DVDs - Avactis Demo Store
2018-08-19 12:42:09,075 INFO  [main] (Log4j.java:14) - 90 product got added to cart
2018-08-19 12:42:09,084 INFO  [main] (Log4j.java:14) - Add To Cart Is Successful
2018-08-19 12:42:20,128 INFO  [main] (Log4j.java:14) - Shipping Method: Delivery on Next Business Day
2018-08-19 12:42:29,773 INFO  [main] (Log4j.java:14) - Order is placed successfully: 00020
2018-08-19 12:46:41,871 INFO  [main] (Log4j.java:14) - Test will run on: CH
2018-08-19 12:46:46,873 INFO  [main] (Log4j.java:14) - Key: STORE_URL : Value: http://localhost/avactis/
2018-08-19 12:46:46,905 INFO  [main] (Log4j.java:14) - 
2018-08-19 12:46:48,121 INFO  [main] (Log4j.java:14) - Inside beforeNavigateTo - 
2018-08-19 12:46:58,630 INFO  [main] (Log4j.java:14) - Inside afterNavigateTo - Avactis Demo Store
2018-08-19 12:46:58,650 INFO  [main] (Log4j.java:14) - Avactis Demo Store
2018-08-19 12:46:58,919 WARN  [main] (Log4j.java:20) - No user is presently logged in
2018-08-19 12:46:59,019 INFO  [main] (Log4j.java:14) - About to click on signIn
2018-08-19 12:47:03,047 INFO  [main] (Log4j.java:14) - Key: STORE_USERNAME : Value: abhijitpaul_02@yahoo.com
2018-08-19 12:47:03,047 INFO  [main] (Log4j.java:14) - Key: STORE_PASSWORD : Value: qwerty123
2018-08-19 12:47:08,348 INFO  [main] (Log4j.java:14) - Key: DATA_FILE_PATH : Value: F:\Studies\MavenWorkspace\AvactisShoppingSite\src\test\resources\data\
2018-08-19 12:47:08,357 INFO  [main] (Log4j.java:14) - Key: DATA_FILE_XML : Value: AvactisTestData.xml
2018-08-19 12:47:09,713 INFO  [main] (Log4j.java:14) - Avactis Demo Store
2018-08-19 12:47:10,063 INFO  [main] (Log4j.java:14) - Avactis Demo Store
2018-08-19 12:50:11,706 INFO  [main] (Log4j.java:14) - Test will run on: CH
2018-08-19 12:50:17,596 INFO  [main] (Log4j.java:14) - Key: STORE_URL : Value: http://localhost/avactis/
2018-08-19 12:50:17,802 INFO  [main] (Log4j.java:14) - 
2018-08-19 12:50:19,050 INFO  [main] (Log4j.java:14) - Inside beforeNavigateTo - 
2018-08-19 12:50:30,588 INFO  [main] (Log4j.java:14) - Inside afterNavigateTo - Avactis Demo Store
2018-08-19 12:50:30,611 INFO  [main] (Log4j.java:14) - Avactis Demo Store
2018-08-19 12:50:35,226 WARN  [main] (Log4j.java:20) - No user is presently logged in
2018-08-19 12:50:35,336 INFO  [main] (Log4j.java:14) - About to click on signIn
2018-08-19 12:50:38,858 INFO  [main] (Log4j.java:14) - Key: STORE_USERNAME : Value: abhijitpaul_02@yahoo.com
2018-08-19 12:50:38,873 INFO  [main] (Log4j.java:14) - Key: STORE_PASSWORD : Value: qwerty123
2018-08-19 12:50:59,496 INFO  [main] (Log4j.java:14) - Key: DATA_FILE_PATH : Value: F:\Studies\MavenWorkspace\AvactisShoppingSite\src\test\resources\data\
2018-08-19 12:50:59,496 INFO  [main] (Log4j.java:14) - Key: DATA_FILE_XML : Value: AvactisTestData.xml
2018-08-19 12:50:59,531 INFO  [main] (Log4j.java:14) - Avactis Demo Store
2018-08-19 12:51:17,717 INFO  [main] (Log4j.java:14) - Page Title: Notebooks - Avactis Demo Store
2018-08-19 12:51:17,930 INFO  [main] (Log4j.java:14) - 11 product got added to cart
2018-08-19 12:51:17,944 INFO  [main] (Log4j.java:14) - Add To Cart Is Successful
2018-08-19 12:51:17,959 WARN  [main] (Log4j.java:20) - Looking out for Flag = N
2018-08-19 12:51:17,981 INFO  [main] (Log4j.java:14) - Notebooks - Avactis Demo Store
2018-08-19 12:51:18,026 INFO  [main] (Log4j.java:14) - Inside beforeNavigateTo - Notebooks - Avactis Demo Store
2018-08-19 12:51:22,272 INFO  [main] (Log4j.java:14) - Inside afterNavigateTo - Avactis Demo Store
2018-08-19 12:51:22,288 INFO  [main] (Log4j.java:14) - Avactis Demo Store
2018-08-19 12:51:25,312 INFO  [main] (Log4j.java:14) - Page Title: Kids DVDs - Avactis Demo Store
2018-08-19 12:51:25,512 INFO  [main] (Log4j.java:14) - 90 product got added to cart
2018-08-19 12:51:25,521 INFO  [main] (Log4j.java:14) - Add To Cart Is Successful
2018-08-19 12:51:33,466 INFO  [main] (Log4j.java:14) - Shipping Method: Delivery on Next Business Day
2018-08-19 12:51:42,578 INFO  [main] (Log4j.java:14) - Order is placed successfully: 00021
2018-08-19 12:56:32,879 INFO  [main] (Log4j.java:14) - Test will run on: CH
2018-08-19 12:57:13,620 INFO  [main] (Log4j.java:14) - Key: STORE_URL : Value: http://localhost/avactis/
2018-08-19 12:57:13,661 INFO  [main] (Log4j.java:14) - 
2018-08-19 12:57:15,074 INFO  [main] (Log4j.java:14) - Inside beforeNavigateTo - 
2018-08-19 12:57:37,614 INFO  [main] (Log4j.java:14) - Inside afterNavigateTo - Avactis Demo Store
2018-08-19 12:57:37,622 INFO  [main] (Log4j.java:14) - Avactis Demo Store
2018-08-19 12:57:48,337 WARN  [main] (Log4j.java:20) - No user is presently logged in
2018-08-19 12:57:50,901 INFO  [main] (Log4j.java:14) - About to click on signIn
2018-08-19 12:57:58,369 INFO  [main] (Log4j.java:14) - Key: STORE_USERNAME : Value: abhijitpaul_02@yahoo.com
2018-08-19 12:57:58,380 INFO  [main] (Log4j.java:14) - Key: STORE_PASSWORD : Value: qwerty123
2018-08-19 12:58:17,111 INFO  [main] (Log4j.java:14) - Key: DATA_FILE_PATH : Value: F:\Studies\MavenWorkspace\AvactisShoppingSite\src\test\resources\data\
2018-08-19 12:58:17,127 INFO  [main] (Log4j.java:14) - Key: DATA_FILE_XML : Value: AvactisTestData.xml
2018-08-19 12:58:17,175 INFO  [main] (Log4j.java:14) - Avactis Demo Store
2018-08-19 12:58:21,413 INFO  [main] (Log4j.java:14) - Page Title: Notebooks - Avactis Demo Store
2018-08-19 12:58:22,952 INFO  [main] (Log4j.java:14) - 11 product got added to cart
2018-08-19 12:58:22,963 INFO  [main] (Log4j.java:14) - Add To Cart Is Successful
2018-08-19 12:58:22,974 WARN  [main] (Log4j.java:20) - Looking out for Flag = N
2018-08-19 12:58:23,014 INFO  [main] (Log4j.java:14) - Notebooks - Avactis Demo Store
2018-08-19 12:58:23,061 INFO  [main] (Log4j.java:14) - Inside beforeNavigateTo - Notebooks - Avactis Demo Store
2018-08-19 12:58:26,124 INFO  [main] (Log4j.java:14) - Inside afterNavigateTo - Avactis Demo Store
2018-08-19 12:58:26,140 INFO  [main] (Log4j.java:14) - Avactis Demo Store
2018-08-19 12:58:29,705 INFO  [main] (Log4j.java:14) - Page Title: Kids DVDs - Avactis Demo Store
2018-08-19 12:58:29,887 INFO  [main] (Log4j.java:14) - 90 product got added to cart
2018-08-19 12:58:29,895 INFO  [main] (Log4j.java:14) - Add To Cart Is Successful
2018-08-19 12:58:45,864 INFO  [main] (Log4j.java:14) - Shipping Method: Delivery on Next Business Day
2018-08-19 13:11:36,106 INFO  [main] (Log4j.java:14) - Test will run on: CH
2018-08-19 13:11:43,999 INFO  [main] (Log4j.java:14) - Key: STORE_URL : Value: http://localhost/avactis/
2018-08-19 13:11:44,035 INFO  [main] (Log4j.java:14) - 
2018-08-19 13:11:45,365 INFO  [main] (Log4j.java:14) - Inside beforeNavigateTo - 
2018-08-19 13:12:02,406 INFO  [main] (Log4j.java:14) - Inside afterNavigateTo - Avactis Demo Store
2018-08-19 13:12:02,425 INFO  [main] (Log4j.java:14) - Avactis Demo Store
2018-08-19 13:12:09,025 WARN  [main] (Log4j.java:20) - No user is presently logged in
2018-08-19 13:12:09,104 INFO  [main] (Log4j.java:14) - About to click on signIn
2018-08-19 13:12:10,821 INFO  [main] (Log4j.java:14) - Key: STORE_USERNAME : Value: abhijitpaul_02@yahoo.com
2018-08-19 13:12:10,831 INFO  [main] (Log4j.java:14) - Key: STORE_PASSWORD : Value: qwerty123
2018-08-19 13:12:30,468 INFO  [main] (Log4j.java:14) - Key: DATA_FILE_PATH : Value: F:\Studies\MavenWorkspace\AvactisShoppingSite\src\test\resources\data\
2018-08-19 13:12:30,488 INFO  [main] (Log4j.java:14) - Key: DATA_FILE_XML : Value: AvactisTestData.xml
2018-08-19 13:12:30,520 INFO  [main] (Log4j.java:14) - Avactis Demo Store
2018-08-19 13:12:32,934 INFO  [main] (Log4j.java:14) - Page Title: Notebooks - Avactis Demo Store
2018-08-19 13:12:33,127 INFO  [main] (Log4j.java:14) - 11 product got added to cart
2018-08-19 13:12:33,151 INFO  [main] (Log4j.java:14) - Add To Cart Is Successful
2018-08-19 13:12:33,170 WARN  [main] (Log4j.java:20) - Looking out for Flag = N
2018-08-19 13:12:33,231 INFO  [main] (Log4j.java:14) - Notebooks - Avactis Demo Store
2018-08-19 13:12:33,278 INFO  [main] (Log4j.java:14) - Inside beforeNavigateTo - Notebooks - Avactis Demo Store
2018-08-19 13:12:38,195 INFO  [main] (Log4j.java:14) - Inside afterNavigateTo - Avactis Demo Store
2018-08-19 13:12:38,211 INFO  [main] (Log4j.java:14) - Avactis Demo Store
2018-08-19 13:12:41,055 INFO  [main] (Log4j.java:14) - Page Title: Kids DVDs - Avactis Demo Store
2018-08-19 13:12:41,233 INFO  [main] (Log4j.java:14) - 90 product got added to cart
2018-08-19 13:12:41,242 INFO  [main] (Log4j.java:14) - Add To Cart Is Successful
2018-08-19 13:12:52,898 INFO  [main] (Log4j.java:14) - Shipping Method: Delivery on Next Business Day
2018-08-19 13:13:10,089 INFO  [main] (Log4j.java:14) - Order is placed successfully: 00022
2018-08-19 13:19:15,194 INFO  [main] (Log4j.java:14) - Test will run on: CH
2018-08-19 13:19:19,613 INFO  [main] (Log4j.java:14) - Key: STORE_URL : Value: http://localhost/avactis/
2018-08-19 13:19:19,999 INFO  [main] (Log4j.java:14) - 
2018-08-19 13:19:21,186 INFO  [main] (Log4j.java:14) - Inside beforeNavigateTo - 
2018-08-19 13:19:26,530 INFO  [main] (Log4j.java:14) - Inside afterNavigateTo - Avactis Demo Store
2018-08-19 13:19:26,552 INFO  [main] (Log4j.java:14) - Avactis Demo Store
2018-08-19 13:19:29,293 WARN  [main] (Log4j.java:20) - No user is presently logged in
2018-08-19 13:19:29,357 INFO  [main] (Log4j.java:14) - About to click on signIn
2018-08-19 13:19:31,462 INFO  [main] (Log4j.java:14) - Key: STORE_USERNAME : Value: abhijitpaul_02@yahoo.com
2018-08-19 13:19:31,471 INFO  [main] (Log4j.java:14) - Key: STORE_PASSWORD : Value: qwerty123
2018-08-19 13:19:48,423 INFO  [main] (Log4j.java:14) - Key: DATA_FILE_PATH : Value: F:\Studies\MavenWorkspace\AvactisShoppingSite\src\test\resources\data\
2018-08-19 13:19:48,440 INFO  [main] (Log4j.java:14) - Key: DATA_FILE_XML : Value: AvactisTestData.xml
2018-08-19 13:19:48,629 INFO  [main] (Log4j.java:14) - Avactis Demo Store
2018-08-19 13:19:52,156 INFO  [main] (Log4j.java:14) - Page Title: Notebooks - Avactis Demo Store
2018-08-19 13:19:52,338 INFO  [main] (Log4j.java:14) - 11 product got added to cart
2018-08-19 13:19:52,368 INFO  [main] (Log4j.java:14) - Add To Cart Is Successful
2018-08-19 13:19:52,377 WARN  [main] (Log4j.java:20) - Looking out for Flag = N
2018-08-19 13:19:53,564 INFO  [main] (Log4j.java:14) - Notebooks - Avactis Demo Store
2018-08-19 13:19:53,599 INFO  [main] (Log4j.java:14) - Inside beforeNavigateTo - Notebooks - Avactis Demo Store
2018-08-19 13:19:55,969 INFO  [main] (Log4j.java:14) - Inside afterNavigateTo - Avactis Demo Store
2018-08-19 13:19:56,504 INFO  [main] (Log4j.java:14) - Avactis Demo Store
2018-08-19 13:19:59,080 INFO  [main] (Log4j.java:14) - Page Title: Kids DVDs - Avactis Demo Store
2018-08-19 13:20:00,044 INFO  [main] (Log4j.java:14) - 90 product got added to cart
2018-08-19 13:20:00,059 INFO  [main] (Log4j.java:14) - Add To Cart Is Successful
2018-08-19 13:20:10,357 INFO  [main] (Log4j.java:14) - Shipping Method: Delivery on Next Business Day
2018-08-19 13:20:20,110 INFO  [main] (Log4j.java:14) - Order is placed successfully: 00023
2018-08-19 13:21:49,879 INFO  [main] (Log4j.java:14) - Test will run on: CH
2018-08-19 13:21:54,903 INFO  [main] (Log4j.java:14) - Key: STORE_URL : Value: http://localhost/avactis/
2018-08-19 13:21:54,919 INFO  [main] (Log4j.java:14) - 
2018-08-19 13:21:56,120 INFO  [main] (Log4j.java:14) - Inside beforeNavigateTo - 
2018-08-19 13:22:00,467 INFO  [main] (Log4j.java:14) - Inside afterNavigateTo - Avactis Demo Store
2018-08-19 13:22:00,484 INFO  [main] (Log4j.java:14) - Avactis Demo Store
2018-08-19 13:22:03,222 WARN  [main] (Log4j.java:20) - No user is presently logged in
2018-08-19 13:22:03,301 INFO  [main] (Log4j.java:14) - About to click on signIn
2018-08-19 13:22:05,323 INFO  [main] (Log4j.java:14) - Key: STORE_USERNAME : Value: abhijitpaul_02@yahoo.com
2018-08-19 13:22:05,343 INFO  [main] (Log4j.java:14) - Key: STORE_PASSWORD : Value: qwerty123
2018-08-19 13:22:21,279 INFO  [main] (Log4j.java:14) - Key: DATA_FILE_PATH : Value: F:\Studies\MavenWorkspace\AvactisShoppingSite\src\test\resources\data\
2018-08-19 13:22:21,279 INFO  [main] (Log4j.java:14) - Key: DATA_FILE_XML : Value: AvactisTestData.xml
2018-08-19 13:22:21,327 INFO  [main] (Log4j.java:14) - Avactis Demo Store
2018-08-19 13:22:24,245 INFO  [main] (Log4j.java:14) - Page Title: Notebooks - Avactis Demo Store
2018-08-19 13:22:24,399 INFO  [main] (Log4j.java:14) - 11 product got added to cart
2018-08-19 13:22:24,428 INFO  [main] (Log4j.java:14) - Add To Cart Is Successful
2018-08-19 13:22:24,438 WARN  [main] (Log4j.java:20) - Looking out for Flag = N
2018-08-19 13:22:24,481 INFO  [main] (Log4j.java:14) - Notebooks - Avactis Demo Store
2018-08-19 13:22:24,494 INFO  [main] (Log4j.java:14) - Inside beforeNavigateTo - Notebooks - Avactis Demo Store
2018-08-19 13:22:28,179 INFO  [main] (Log4j.java:14) - Inside afterNavigateTo - Avactis Demo Store
2018-08-19 13:22:28,193 INFO  [main] (Log4j.java:14) - Avactis Demo Store
2018-08-19 13:22:30,884 INFO  [main] (Log4j.java:14) - Page Title: Kids DVDs - Avactis Demo Store
2018-08-19 13:22:31,471 INFO  [main] (Log4j.java:14) - 90 product got added to cart
2018-08-19 13:22:31,483 INFO  [main] (Log4j.java:14) - Add To Cart Is Successful
2018-08-19 13:22:41,312 INFO  [main] (Log4j.java:14) - Shipping Method: Delivery on Next Business Day
2018-08-19 13:22:51,454 INFO  [main] (Log4j.java:14) - Order is placed successfully: 00024
2018-08-19 13:25:41,610 INFO  [main] (Log4j.java:14) - Test will run on: CH
2018-08-19 13:25:46,034 INFO  [main] (Log4j.java:14) - Key: STORE_URL : Value: http://localhost/avactis/
2018-08-19 13:25:46,437 INFO  [main] (Log4j.java:14) - 
2018-08-19 13:25:47,649 INFO  [main] (Log4j.java:14) - Inside beforeNavigateTo - 
2018-08-19 13:25:51,614 INFO  [main] (Log4j.java:14) - Inside afterNavigateTo - Avactis Demo Store
2018-08-19 13:25:51,637 INFO  [main] (Log4j.java:14) - Avactis Demo Store
2018-08-19 13:25:53,932 INFO  [main] (Log4j.java:14) - Expected condition failed: waiting for visibility of Proxy element for: DefaultElementLocator 'By.xpath: //a[contains(@href,'sign-in.php?')]' (tried for 2 second(s) with 100 milliseconds interval)
2018-08-19 13:25:54,394 WARN  [main] (Log4j.java:20) - No user is presently logged in
2018-08-19 13:25:54,472 INFO  [main] (Log4j.java:14) - About to click on signIn
2018-08-19 13:25:56,988 INFO  [main] (Log4j.java:14) - Key: STORE_USERNAME : Value: abhijitpaul_02@yahoo.com
2018-08-19 13:25:56,999 INFO  [main] (Log4j.java:14) - Key: STORE_PASSWORD : Value: qwerty123
2018-08-19 13:26:12,428 INFO  [main] (Log4j.java:14) - Key: DATA_FILE_PATH : Value: F:\Studies\MavenWorkspace\AvactisShoppingSite\src\test\resources\data\
2018-08-19 13:26:12,443 INFO  [main] (Log4j.java:14) - Key: DATA_FILE_XML : Value: AvactisTestData.xml
2018-08-19 13:26:12,491 INFO  [main] (Log4j.java:14) - Avactis Demo Store
2018-08-19 13:26:15,249 INFO  [main] (Log4j.java:14) - Page Title: Notebooks - Avactis Demo Store
2018-08-19 13:26:16,018 INFO  [main] (Log4j.java:14) - 11 product got added to cart
2018-08-19 13:26:16,036 INFO  [main] (Log4j.java:14) - Add To Cart Is Successful
2018-08-19 13:26:16,049 WARN  [main] (Log4j.java:20) - Looking out for Flag = N
2018-08-19 13:26:16,076 INFO  [main] (Log4j.java:14) - Notebooks - Avactis Demo Store
2018-08-19 13:26:16,107 INFO  [main] (Log4j.java:14) - Inside beforeNavigateTo - Notebooks - Avactis Demo Store
2018-08-19 13:26:19,855 INFO  [main] (Log4j.java:14) - Inside afterNavigateTo - Avactis Demo Store
2018-08-19 13:26:19,874 INFO  [main] (Log4j.java:14) - Avactis Demo Store
2018-08-19 13:26:22,360 INFO  [main] (Log4j.java:14) - Page Title: Kids DVDs - Avactis Demo Store
2018-08-19 13:26:23,007 INFO  [main] (Log4j.java:14) - 90 product got added to cart
2018-08-19 13:26:23,022 INFO  [main] (Log4j.java:14) - Add To Cart Is Successful
2018-08-19 13:26:33,205 INFO  [main] (Log4j.java:14) - Shipping Method: Delivery on Next Business Day
2018-08-19 13:26:43,114 INFO  [main] (Log4j.java:14) - Order is placed successfully: 00025
